{"numFailedTestSuites":12,"numFailedTests":10,"numPassedTestSuites":38,"numPassedTests":191,"numPendingTestSuites":0,"numPendingTests":0,"numRuntimeErrorTestSuites":5,"numTodoTests":0,"numTotalTestSuites":50,"numTotalTests":201,"openHandles":[],"snapshot":{"added":0,"didUpdate":false,"failure":false,"filesAdded":0,"filesRemoved":0,"filesRemovedList":[],"filesUnmatched":0,"filesUpdated":0,"matched":0,"total":0,"unchecked":0,"uncheckedKeysByFile":[],"unmatched":0,"updated":0},"startTime":1772251456270,"success":false,"testResults":[{"assertionResults":[{"ancestorTitles":["Manual JSDOM Setup"],"duration":26,"failureDetails":[{"matcherResult":{"actual":"undefined","expected":"undefined","message":"expect(received).not.toBe(expected) // Object.is equality\n\nExpected: not \"undefined\"","name":"toBe","pass":true}}],"failureMessages":["Error: expect(received).not.toBe(expected) // Object.is equality\n\nExpected: not \"undefined\"\n    at Object.toBe (/home/segin/nodist3d/tests/manual_jsdom_repro.test.js:7:31)\n    at Promise.then.completed (/home/segin/nodist3d/node_modules/.pnpm/jest-circus@29.7.0/node_modules/jest-circus/build/utils.js:298:28)\n    at new Promise (<anonymous>)\n    at callAsyncCircusFn (/home/segin/nodist3d/node_modules/.pnpm/jest-circus@29.7.0/node_modules/jest-circus/build/utils.js:231:10)\n    at _callCircusTest (/home/segin/nodist3d/node_modules/.pnpm/jest-circus@29.7.0/node_modules/jest-circus/build/run.js:316:40)\n    at processTicksAndRejections (node:internal/process/task_queues:103:5)\n    at _runTest (/home/segin/nodist3d/node_modules/.pnpm/jest-circus@29.7.0/node_modules/jest-circus/build/run.js:252:3)\n    at _runTestsForDescribeBlock (/home/segin/nodist3d/node_modules/.pnpm/jest-circus@29.7.0/node_modules/jest-circus/build/run.js:126:9)\n    at _runTestsForDescribeBlock (/home/segin/nodist3d/node_modules/.pnpm/jest-circus@29.7.0/node_modules/jest-circus/build/run.js:121:9)\n    at run (/home/segin/nodist3d/node_modules/.pnpm/jest-circus@29.7.0/node_modules/jest-circus/build/run.js:71:3)\n    at runAndTransformResultsToJestFormat (/home/segin/nodist3d/node_modules/.pnpm/jest-circus@29.7.0/node_modules/jest-circus/build/legacy-code-todo-rewrite/jestAdapterInit.js:122:21)\n    at jestAdapter (/home/segin/nodist3d/node_modules/.pnpm/jest-circus@29.7.0/node_modules/jest-circus/build/legacy-code-todo-rewrite/jestAdapter.js:79:19)\n    at runTestInternal (/home/segin/nodist3d/node_modules/.pnpm/jest-runner@29.7.0/node_modules/jest-runner/build/runTest.js:367:16)\n    at runTest (/home/segin/nodist3d/node_modules/.pnpm/jest-runner@29.7.0/node_modules/jest-runner/build/runTest.js:444:34)\n    at Object.worker (/home/segin/nodist3d/node_modules/.pnpm/jest-runner@29.7.0/node_modules/jest-runner/build/testWorker.js:106:12)"],"fullName":"Manual JSDOM Setup window should be defined even in node environment due to jest.dom.cjs polyfill","invocations":1,"location":null,"numPassingAsserts":0,"retryReasons":[],"status":"failed","title":"window should be defined even in node environment due to jest.dom.cjs polyfill"},{"ancestorTitles":["Manual JSDOM Setup"],"duration":4,"failureDetails":[],"failureMessages":[],"fullName":"Manual JSDOM Setup TextEncoder should be globally defined","invocations":1,"location":null,"numPassingAsserts":2,"retryReasons":[],"status":"passed","title":"TextEncoder should be globally defined"}],"endTime":1772251460755,"message":"  ● Manual JSDOM Setup › window should be defined even in node environment due to jest.dom.cjs polyfill\n\n    expect(received).not.toBe(expected) // Object.is equality\n\n    Expected: not \"undefined\"\n\n       5 | describe('Manual JSDOM Setup', () => {\n       6 |   test('window should be defined even in node environment due to jest.dom.cjs polyfill', () => {\n    >  7 |     expect(typeof window).not.toBe('undefined');\n         |                               ^\n       8 |     expect(window.document).toBeDefined();\n       9 |     expect(window.document.createElement).toBeDefined();\n      10 |   });\n\n      at Object.toBe (tests/manual_jsdom_repro.test.js:7:31)\n","name":"/home/segin/nodist3d/tests/manual_jsdom_repro.test.js","startTime":1772251456898,"status":"failed","summary":""},{"assertionResults":[{"ancestorTitles":["PrimitiveFactory Normalization"],"duration":58,"failureDetails":[{"matcherResult":{"actual":{"width":10,"height":1,"depth":1,"widthSegments":1,"heightSegments":1,"depthSegments":1},"expected":{"width":10,"height":1,"depth":1},"message":"expect(received).toEqual(expected) // deep equality\n\n- Expected  - 0\n+ Received  + 3\n\n  Object {\n    \"depth\": 1,\n+   \"depthSegments\": 1,\n    \"height\": 1,\n+   \"heightSegments\": 1,\n    \"width\": 10,\n+   \"widthSegments\": 1,\n  }","name":"toEqual","pass":false}}],"failureMessages":["Error: expect(received).toEqual(expected) // deep equality\n\n- Expected  - 0\n+ Received  + 3\n\n  Object {\n    \"depth\": 1,\n+   \"depthSegments\": 1,\n    \"height\": 1,\n+   \"heightSegments\": 1,\n    \"width\": 10,\n+   \"widthSegments\": 1,\n  }\n    at Object.toEqual (/home/segin/nodist3d/tests/PrimitiveFactory.test.js:50:20)\n    at Promise.then.completed (/home/segin/nodist3d/node_modules/.pnpm/jest-circus@29.7.0/node_modules/jest-circus/build/utils.js:298:28)\n    at new Promise (<anonymous>)\n    at callAsyncCircusFn (/home/segin/nodist3d/node_modules/.pnpm/jest-circus@29.7.0/node_modules/jest-circus/build/utils.js:231:10)\n    at _callCircusTest (/home/segin/nodist3d/node_modules/.pnpm/jest-circus@29.7.0/node_modules/jest-circus/build/run.js:316:40)\n    at processTicksAndRejections (node:internal/process/task_queues:103:5)\n    at _runTest (/home/segin/nodist3d/node_modules/.pnpm/jest-circus@29.7.0/node_modules/jest-circus/build/run.js:252:3)\n    at _runTestsForDescribeBlock (/home/segin/nodist3d/node_modules/.pnpm/jest-circus@29.7.0/node_modules/jest-circus/build/run.js:126:9)\n    at _runTestsForDescribeBlock (/home/segin/nodist3d/node_modules/.pnpm/jest-circus@29.7.0/node_modules/jest-circus/build/run.js:121:9)\n    at run (/home/segin/nodist3d/node_modules/.pnpm/jest-circus@29.7.0/node_modules/jest-circus/build/run.js:71:3)\n    at runAndTransformResultsToJestFormat (/home/segin/nodist3d/node_modules/.pnpm/jest-circus@29.7.0/node_modules/jest-circus/build/legacy-code-todo-rewrite/jestAdapterInit.js:122:21)\n    at jestAdapter (/home/segin/nodist3d/node_modules/.pnpm/jest-circus@29.7.0/node_modules/jest-circus/build/legacy-code-todo-rewrite/jestAdapter.js:79:19)\n    at runTestInternal (/home/segin/nodist3d/node_modules/.pnpm/jest-runner@29.7.0/node_modules/jest-runner/build/runTest.js:367:16)\n    at runTest (/home/segin/nodist3d/node_modules/.pnpm/jest-runner@29.7.0/node_modules/jest-runner/build/runTest.js:444:34)\n    at Object.worker (/home/segin/nodist3d/node_modules/.pnpm/jest-runner@29.7.0/node_modules/jest-runner/build/testWorker.js:106:12)"],"fullName":"PrimitiveFactory Normalization normalizes Box parameters","invocations":1,"location":null,"numPassingAsserts":0,"retryReasons":[],"status":"failed","title":"normalizes Box parameters"},{"ancestorTitles":["PrimitiveFactory Normalization"],"duration":2,"failureDetails":[],"failureMessages":[],"fullName":"PrimitiveFactory Normalization normalizes Sphere parameters","invocations":1,"location":null,"numPassingAsserts":1,"retryReasons":[],"status":"passed","title":"normalizes Sphere parameters"},{"ancestorTitles":["PrimitiveFactory Normalization"],"duration":1,"failureDetails":[],"failureMessages":[],"fullName":"PrimitiveFactory Normalization normalizes Text parameters","invocations":1,"location":null,"numPassingAsserts":1,"retryReasons":[],"status":"passed","title":"normalizes Text parameters"},{"ancestorTitles":["PrimitiveFactory Normalization"],"duration":1,"failureDetails":[],"failureMessages":[],"fullName":"PrimitiveFactory Normalization normalizes Text parameters with defaults","invocations":1,"location":null,"numPassingAsserts":2,"retryReasons":[],"status":"passed","title":"normalizes Text parameters with defaults"},{"ancestorTitles":["PrimitiveFactory Normalization"],"duration":12,"failureDetails":[],"failureMessages":[],"fullName":"PrimitiveFactory Normalization caching uses normalized parameters","invocations":1,"location":null,"numPassingAsserts":4,"retryReasons":[],"status":"passed","title":"caching uses normalized parameters"}],"endTime":1772251461244,"message":"  ● PrimitiveFactory Normalization › normalizes Box parameters\n\n    expect(received).toEqual(expected) // deep equality\n\n    - Expected  - 0\n    + Received  + 3\n\n      Object {\n        \"depth\": 1,\n    +   \"depthSegments\": 1,\n        \"height\": 1,\n    +   \"heightSegments\": 1,\n        \"width\": 10,\n    +   \"widthSegments\": 1,\n      }\n\n      48 |   test('normalizes Box parameters', () => {\n      49 |     const params = factory._getNormalizedParameters('Box', { width: 10, color: 'red', extra: 123 });\n    > 50 |     expect(params).toEqual({ width: 10, height: 1, depth: 1 });\n         |                    ^\n      51 |     expect(params.color).toBeUndefined();\n      52 |   });\n      53 |\n\n      at Object.toEqual (tests/PrimitiveFactory.test.js:50:20)\n","name":"/home/segin/nodist3d/tests/PrimitiveFactory.test.js","startTime":1772251457088,"status":"failed","summary":""},{"assertionResults":[{"ancestorTitles":["ModelLoader Resource Management Benchmark"],"duration":85,"failureDetails":[{}],"failureMessages":["Error: Property `load` does not exist in the provided object\n    at ModuleMocker.spyOn (/home/segin/nodist3d/node_modules/.pnpm/jest-mock@30.2.0/node_modules/jest-mock/build/index.js:593:13)\n    at Object.spyOn (/home/segin/nodist3d/benchmarks/modelloader_leak.test.js:37:14)\n    at Promise.then.completed (/home/segin/nodist3d/node_modules/.pnpm/jest-circus@29.7.0/node_modules/jest-circus/build/utils.js:298:28)\n    at new Promise (<anonymous>)\n    at callAsyncCircusFn (/home/segin/nodist3d/node_modules/.pnpm/jest-circus@29.7.0/node_modules/jest-circus/build/utils.js:231:10)\n    at _callCircusHook (/home/segin/nodist3d/node_modules/.pnpm/jest-circus@29.7.0/node_modules/jest-circus/build/run.js:281:40)\n    at processTicksAndRejections (node:internal/process/task_queues:103:5)\n    at _runTest (/home/segin/nodist3d/node_modules/.pnpm/jest-circus@29.7.0/node_modules/jest-circus/build/run.js:246:5)\n    at _runTestsForDescribeBlock (/home/segin/nodist3d/node_modules/.pnpm/jest-circus@29.7.0/node_modules/jest-circus/build/run.js:126:9)\n    at _runTestsForDescribeBlock (/home/segin/nodist3d/node_modules/.pnpm/jest-circus@29.7.0/node_modules/jest-circus/build/run.js:121:9)\n    at run (/home/segin/nodist3d/node_modules/.pnpm/jest-circus@29.7.0/node_modules/jest-circus/build/run.js:71:3)\n    at runAndTransformResultsToJestFormat (/home/segin/nodist3d/node_modules/.pnpm/jest-circus@29.7.0/node_modules/jest-circus/build/legacy-code-todo-rewrite/jestAdapterInit.js:122:21)\n    at jestAdapter (/home/segin/nodist3d/node_modules/.pnpm/jest-circus@29.7.0/node_modules/jest-circus/build/legacy-code-todo-rewrite/jestAdapter.js:79:19)\n    at runTestInternal (/home/segin/nodist3d/node_modules/.pnpm/jest-runner@29.7.0/node_modules/jest-runner/build/runTest.js:367:16)\n    at runTest (/home/segin/nodist3d/node_modules/.pnpm/jest-runner@29.7.0/node_modules/jest-runner/build/runTest.js:444:34)\n    at Object.worker (/home/segin/nodist3d/node_modules/.pnpm/jest-runner@29.7.0/node_modules/jest-runner/build/testWorker.js:106:12)"],"fullName":"ModelLoader Resource Management Benchmark should revoke object URL on successful load (BASELINE check)","invocations":1,"location":null,"numPassingAsserts":0,"retryReasons":[],"status":"failed","title":"should revoke object URL on successful load (BASELINE check)"},{"ancestorTitles":["ModelLoader Resource Management Benchmark"],"duration":49,"failureDetails":[{}],"failureMessages":["Error: Property `load` does not exist in the provided object\n    at ModuleMocker.spyOn (/home/segin/nodist3d/node_modules/.pnpm/jest-mock@30.2.0/node_modules/jest-mock/build/index.js:593:13)\n    at Object.spyOn (/home/segin/nodist3d/benchmarks/modelloader_leak.test.js:37:14)\n    at Promise.then.completed (/home/segin/nodist3d/node_modules/.pnpm/jest-circus@29.7.0/node_modules/jest-circus/build/utils.js:298:28)\n    at new Promise (<anonymous>)\n    at callAsyncCircusFn (/home/segin/nodist3d/node_modules/.pnpm/jest-circus@29.7.0/node_modules/jest-circus/build/utils.js:231:10)\n    at _callCircusHook (/home/segin/nodist3d/node_modules/.pnpm/jest-circus@29.7.0/node_modules/jest-circus/build/run.js:281:40)\n    at processTicksAndRejections (node:internal/process/task_queues:103:5)\n    at _runTest (/home/segin/nodist3d/node_modules/.pnpm/jest-circus@29.7.0/node_modules/jest-circus/build/run.js:246:5)\n    at _runTestsForDescribeBlock (/home/segin/nodist3d/node_modules/.pnpm/jest-circus@29.7.0/node_modules/jest-circus/build/run.js:126:9)\n    at _runTestsForDescribeBlock (/home/segin/nodist3d/node_modules/.pnpm/jest-circus@29.7.0/node_modules/jest-circus/build/run.js:121:9)\n    at run (/home/segin/nodist3d/node_modules/.pnpm/jest-circus@29.7.0/node_modules/jest-circus/build/run.js:71:3)\n    at runAndTransformResultsToJestFormat (/home/segin/nodist3d/node_modules/.pnpm/jest-circus@29.7.0/node_modules/jest-circus/build/legacy-code-todo-rewrite/jestAdapterInit.js:122:21)\n    at jestAdapter (/home/segin/nodist3d/node_modules/.pnpm/jest-circus@29.7.0/node_modules/jest-circus/build/legacy-code-todo-rewrite/jestAdapter.js:79:19)\n    at runTestInternal (/home/segin/nodist3d/node_modules/.pnpm/jest-runner@29.7.0/node_modules/jest-runner/build/runTest.js:367:16)\n    at runTest (/home/segin/nodist3d/node_modules/.pnpm/jest-runner@29.7.0/node_modules/jest-runner/build/runTest.js:444:34)\n    at Object.worker (/home/segin/nodist3d/node_modules/.pnpm/jest-runner@29.7.0/node_modules/jest-runner/build/testWorker.js:106:12)"],"fullName":"ModelLoader Resource Management Benchmark should revoke object URL on load error (LEAK check)","invocations":1,"location":null,"numPassingAsserts":0,"retryReasons":[],"status":"failed","title":"should revoke object URL on load error (LEAK check)"},{"ancestorTitles":["ModelLoader Resource Management Benchmark"],"duration":2,"failureDetails":[{}],"failureMessages":["Error: Property `load` does not exist in the provided object\n    at ModuleMocker.spyOn (/home/segin/nodist3d/node_modules/.pnpm/jest-mock@30.2.0/node_modules/jest-mock/build/index.js:593:13)\n    at Object.spyOn (/home/segin/nodist3d/benchmarks/modelloader_leak.test.js:37:14)\n    at Promise.then.completed (/home/segin/nodist3d/node_modules/.pnpm/jest-circus@29.7.0/node_modules/jest-circus/build/utils.js:298:28)\n    at new Promise (<anonymous>)\n    at callAsyncCircusFn (/home/segin/nodist3d/node_modules/.pnpm/jest-circus@29.7.0/node_modules/jest-circus/build/utils.js:231:10)\n    at _callCircusHook (/home/segin/nodist3d/node_modules/.pnpm/jest-circus@29.7.0/node_modules/jest-circus/build/run.js:281:40)\n    at processTicksAndRejections (node:internal/process/task_queues:103:5)\n    at _runTest (/home/segin/nodist3d/node_modules/.pnpm/jest-circus@29.7.0/node_modules/jest-circus/build/run.js:246:5)\n    at _runTestsForDescribeBlock (/home/segin/nodist3d/node_modules/.pnpm/jest-circus@29.7.0/node_modules/jest-circus/build/run.js:126:9)\n    at _runTestsForDescribeBlock (/home/segin/nodist3d/node_modules/.pnpm/jest-circus@29.7.0/node_modules/jest-circus/build/run.js:121:9)\n    at run (/home/segin/nodist3d/node_modules/.pnpm/jest-circus@29.7.0/node_modules/jest-circus/build/run.js:71:3)\n    at runAndTransformResultsToJestFormat (/home/segin/nodist3d/node_modules/.pnpm/jest-circus@29.7.0/node_modules/jest-circus/build/legacy-code-todo-rewrite/jestAdapterInit.js:122:21)\n    at jestAdapter (/home/segin/nodist3d/node_modules/.pnpm/jest-circus@29.7.0/node_modules/jest-circus/build/legacy-code-todo-rewrite/jestAdapter.js:79:19)\n    at runTestInternal (/home/segin/nodist3d/node_modules/.pnpm/jest-runner@29.7.0/node_modules/jest-runner/build/runTest.js:367:16)\n    at runTest (/home/segin/nodist3d/node_modules/.pnpm/jest-runner@29.7.0/node_modules/jest-runner/build/runTest.js:444:34)\n    at Object.worker (/home/segin/nodist3d/node_modules/.pnpm/jest-runner@29.7.0/node_modules/jest-runner/build/testWorker.js:106:12)"],"fullName":"ModelLoader Resource Management Benchmark should revoke object URL on unsupported extension (LEAK check)","invocations":1,"location":null,"numPassingAsserts":0,"retryReasons":[],"status":"failed","title":"should revoke object URL on unsupported extension (LEAK check)"}],"endTime":1772251466530,"message":"  ● ModelLoader Resource Management Benchmark › should revoke object URL on successful load (BASELINE check)\n\n    Property `load` does not exist in the provided object\n\n      35 |     // Spy on loaders to inject errors\n      36 |     if (OBJLoader && OBJLoader.prototype) {\n    > 37 |         jest.spyOn(OBJLoader.prototype, 'load').mockImplementation((url, onLoad, onProgress, onError) => {\n         |              ^\n      38 |           if (url.includes('error')) {\n      39 |             setTimeout(() => onError(new Error('Simulated Load Error')), 0);\n      40 |           } else {\n\n      at ModuleMocker.spyOn (node_modules/.pnpm/jest-mock@30.2.0/node_modules/jest-mock/build/index.js:593:13)\n      at Object.spyOn (benchmarks/modelloader_leak.test.js:37:14)\n\n  ● ModelLoader Resource Management Benchmark › should revoke object URL on load error (LEAK check)\n\n    Property `load` does not exist in the provided object\n\n      35 |     // Spy on loaders to inject errors\n      36 |     if (OBJLoader && OBJLoader.prototype) {\n    > 37 |         jest.spyOn(OBJLoader.prototype, 'load').mockImplementation((url, onLoad, onProgress, onError) => {\n         |              ^\n      38 |           if (url.includes('error')) {\n      39 |             setTimeout(() => onError(new Error('Simulated Load Error')), 0);\n      40 |           } else {\n\n      at ModuleMocker.spyOn (node_modules/.pnpm/jest-mock@30.2.0/node_modules/jest-mock/build/index.js:593:13)\n      at Object.spyOn (benchmarks/modelloader_leak.test.js:37:14)\n\n  ● ModelLoader Resource Management Benchmark › should revoke object URL on unsupported extension (LEAK check)\n\n    Property `load` does not exist in the provided object\n\n      35 |     // Spy on loaders to inject errors\n      36 |     if (OBJLoader && OBJLoader.prototype) {\n    > 37 |         jest.spyOn(OBJLoader.prototype, 'load').mockImplementation((url, onLoad, onProgress, onError) => {\n         |              ^\n      38 |           if (url.includes('error')) {\n      39 |             setTimeout(() => onError(new Error('Simulated Load Error')), 0);\n      40 |           } else {\n\n      at ModuleMocker.spyOn (node_modules/.pnpm/jest-mock@30.2.0/node_modules/jest-mock/build/index.js:593:13)\n      at Object.spyOn (benchmarks/modelloader_leak.test.js:37:14)\n","name":"/home/segin/nodist3d/benchmarks/modelloader_leak.test.js","startTime":1772251459188,"status":"failed","summary":""},{"assertionResults":[{"ancestorTitles":["ModelLoader Memory Leak"],"duration":377,"failureDetails":[{"matcherResult":{"message":"expect(received).rejects.toThrow(expected)\n\nExpected substring: \"Load failed\"\nReceived message:   \"object.scale.setScalar is not a function\"\n\n      24 |         const maxDim = Math.max(size.x, size.y, size.z);\n      25 |         const scale = 2 / maxDim; // Scale to fit in a 2x2x2 box roughly\n    > 26 |         object.scale.setScalar(scale);\n         |                      ^\n      27 |\n      28 |         // Sit on floor (y=0)\n      29 |         object.position.y = (size.y * scale) / 2;\n\n      at setScalar (src/frontend/ModelLoader.js:26:22)\n      at Object.<anonymous> (jest.setup.cjs:888:46)\n      at load (src/frontend/ModelLoader.js:69:24)\n      at ModelLoader.loadModel (src/frontend/ModelLoader.js:16:12)\n      at Object.loadModel (tests/ModelLoader_leak.test.js:49:30)","pass":false},"message":"expect(received).rejects.toThrow(expected)\n\nExpected substring: \"Load failed\"\nReceived message:   \"object.scale.setScalar is not a function\"\n\n      24 |         const maxDim = Math.max(size.x, size.y, size.z);\n      25 |         const scale = 2 / maxDim; // Scale to fit in a 2x2x2 box roughly\n    > 26 |         object.scale.setScalar(scale);\n         |                      ^\n      27 |\n      28 |         // Sit on floor (y=0)\n      29 |         object.position.y = (size.y * scale) / 2;\n\n      at setScalar (src/frontend/ModelLoader.js:26:22)\n      at Object.<anonymous> (jest.setup.cjs:888:46)\n      at load (src/frontend/ModelLoader.js:69:24)\n      at ModelLoader.loadModel (src/frontend/ModelLoader.js:16:12)\n      at Object.loadModel (tests/ModelLoader_leak.test.js:49:30)"}],"failureMessages":["Error: expect(received).rejects.toThrow(expected)\n\nExpected substring: \"Load failed\"\nReceived message:   \"object.scale.setScalar is not a function\"\n\n      24 |         const maxDim = Math.max(size.x, size.y, size.z);\n      25 |         const scale = 2 / maxDim; // Scale to fit in a 2x2x2 box roughly\n    > 26 |         object.scale.setScalar(scale);\n         |                      ^\n      27 |\n      28 |         // Sit on floor (y=0)\n      29 |         object.position.y = (size.y * scale) / 2;\n\n      at setScalar (src/frontend/ModelLoader.js:26:22)\n      at Object.<anonymous> (jest.setup.cjs:888:46)\n      at load (src/frontend/ModelLoader.js:69:24)\n      at ModelLoader.loadModel (src/frontend/ModelLoader.js:16:12)\n      at Object.loadModel (tests/ModelLoader_leak.test.js:49:30)\n    at Object.toThrow (/home/segin/nodist3d/node_modules/.pnpm/expect@29.7.0/node_modules/expect/build/index.js:218:22)\n    at Object.toThrow (/home/segin/nodist3d/tests/ModelLoader_leak.test.js:49:55)\n    at Promise.then.completed (/home/segin/nodist3d/node_modules/.pnpm/jest-circus@29.7.0/node_modules/jest-circus/build/utils.js:298:28)\n    at new Promise (<anonymous>)\n    at callAsyncCircusFn (/home/segin/nodist3d/node_modules/.pnpm/jest-circus@29.7.0/node_modules/jest-circus/build/utils.js:231:10)\n    at _callCircusTest (/home/segin/nodist3d/node_modules/.pnpm/jest-circus@29.7.0/node_modules/jest-circus/build/run.js:316:40)\n    at processTicksAndRejections (node:internal/process/task_queues:103:5)\n    at _runTest (/home/segin/nodist3d/node_modules/.pnpm/jest-circus@29.7.0/node_modules/jest-circus/build/run.js:252:3)\n    at _runTestsForDescribeBlock (/home/segin/nodist3d/node_modules/.pnpm/jest-circus@29.7.0/node_modules/jest-circus/build/run.js:126:9)\n    at _runTestsForDescribeBlock (/home/segin/nodist3d/node_modules/.pnpm/jest-circus@29.7.0/node_modules/jest-circus/build/run.js:121:9)\n    at run (/home/segin/nodist3d/node_modules/.pnpm/jest-circus@29.7.0/node_modules/jest-circus/build/run.js:71:3)\n    at runAndTransformResultsToJestFormat (/home/segin/nodist3d/node_modules/.pnpm/jest-circus@29.7.0/node_modules/jest-circus/build/legacy-code-todo-rewrite/jestAdapterInit.js:122:21)\n    at jestAdapter (/home/segin/nodist3d/node_modules/.pnpm/jest-circus@29.7.0/node_modules/jest-circus/build/legacy-code-todo-rewrite/jestAdapter.js:79:19)\n    at runTestInternal (/home/segin/nodist3d/node_modules/.pnpm/jest-runner@29.7.0/node_modules/jest-runner/build/runTest.js:367:16)\n    at runTest (/home/segin/nodist3d/node_modules/.pnpm/jest-runner@29.7.0/node_modules/jest-runner/build/runTest.js:444:34)\n    at Object.worker (/home/segin/nodist3d/node_modules/.pnpm/jest-runner@29.7.0/node_modules/jest-runner/build/testWorker.js:106:12)"],"fullName":"ModelLoader Memory Leak should revoke URL when loading fails (OBJ)","invocations":1,"location":null,"numPassingAsserts":0,"retryReasons":[],"status":"failed","title":"should revoke URL when loading fails (OBJ)"},{"ancestorTitles":["ModelLoader Memory Leak"],"duration":35,"failureDetails":[{"matcherResult":{"message":"expect(received).rejects.toThrow(expected)\n\nExpected substring: \"Load failed\"\nReceived message:   \"object.scale.setScalar is not a function\"\n\n      24 |         const maxDim = Math.max(size.x, size.y, size.z);\n      25 |         const scale = 2 / maxDim; // Scale to fit in a 2x2x2 box roughly\n    > 26 |         object.scale.setScalar(scale);\n         |                      ^\n      27 |\n      28 |         // Sit on floor (y=0)\n      29 |         object.position.y = (size.y * scale) / 2;\n\n      at setScalar (src/frontend/ModelLoader.js:26:22)\n      at onLoad (src/frontend/ModelLoader.js:73:21)\n      at Object.<anonymous> (jest.setup.cjs:896:46)\n      at load (src/frontend/ModelLoader.js:71:25)\n      at ModelLoader.loadModel (src/frontend/ModelLoader.js:16:12)\n      at Object.loadModel (tests/ModelLoader_leak.test.js:64:30)","pass":false},"message":"expect(received).rejects.toThrow(expected)\n\nExpected substring: \"Load failed\"\nReceived message:   \"object.scale.setScalar is not a function\"\n\n      24 |         const maxDim = Math.max(size.x, size.y, size.z);\n      25 |         const scale = 2 / maxDim; // Scale to fit in a 2x2x2 box roughly\n    > 26 |         object.scale.setScalar(scale);\n         |                      ^\n      27 |\n      28 |         // Sit on floor (y=0)\n      29 |         object.position.y = (size.y * scale) / 2;\n\n      at setScalar (src/frontend/ModelLoader.js:26:22)\n      at onLoad (src/frontend/ModelLoader.js:73:21)\n      at Object.<anonymous> (jest.setup.cjs:896:46)\n      at load (src/frontend/ModelLoader.js:71:25)\n      at ModelLoader.loadModel (src/frontend/ModelLoader.js:16:12)\n      at Object.loadModel (tests/ModelLoader_leak.test.js:64:30)"}],"failureMessages":["Error: expect(received).rejects.toThrow(expected)\n\nExpected substring: \"Load failed\"\nReceived message:   \"object.scale.setScalar is not a function\"\n\n      24 |         const maxDim = Math.max(size.x, size.y, size.z);\n      25 |         const scale = 2 / maxDim; // Scale to fit in a 2x2x2 box roughly\n    > 26 |         object.scale.setScalar(scale);\n         |                      ^\n      27 |\n      28 |         // Sit on floor (y=0)\n      29 |         object.position.y = (size.y * scale) / 2;\n\n      at setScalar (src/frontend/ModelLoader.js:26:22)\n      at onLoad (src/frontend/ModelLoader.js:73:21)\n      at Object.<anonymous> (jest.setup.cjs:896:46)\n      at load (src/frontend/ModelLoader.js:71:25)\n      at ModelLoader.loadModel (src/frontend/ModelLoader.js:16:12)\n      at Object.loadModel (tests/ModelLoader_leak.test.js:64:30)\n    at Object.toThrow (/home/segin/nodist3d/node_modules/.pnpm/expect@29.7.0/node_modules/expect/build/index.js:218:22)\n    at Object.toThrow (/home/segin/nodist3d/tests/ModelLoader_leak.test.js:64:55)\n    at Promise.then.completed (/home/segin/nodist3d/node_modules/.pnpm/jest-circus@29.7.0/node_modules/jest-circus/build/utils.js:298:28)\n    at new Promise (<anonymous>)\n    at callAsyncCircusFn (/home/segin/nodist3d/node_modules/.pnpm/jest-circus@29.7.0/node_modules/jest-circus/build/utils.js:231:10)\n    at _callCircusTest (/home/segin/nodist3d/node_modules/.pnpm/jest-circus@29.7.0/node_modules/jest-circus/build/run.js:316:40)\n    at processTicksAndRejections (node:internal/process/task_queues:103:5)\n    at _runTest (/home/segin/nodist3d/node_modules/.pnpm/jest-circus@29.7.0/node_modules/jest-circus/build/run.js:252:3)\n    at _runTestsForDescribeBlock (/home/segin/nodist3d/node_modules/.pnpm/jest-circus@29.7.0/node_modules/jest-circus/build/run.js:126:9)\n    at _runTestsForDescribeBlock (/home/segin/nodist3d/node_modules/.pnpm/jest-circus@29.7.0/node_modules/jest-circus/build/run.js:121:9)\n    at run (/home/segin/nodist3d/node_modules/.pnpm/jest-circus@29.7.0/node_modules/jest-circus/build/run.js:71:3)\n    at runAndTransformResultsToJestFormat (/home/segin/nodist3d/node_modules/.pnpm/jest-circus@29.7.0/node_modules/jest-circus/build/legacy-code-todo-rewrite/jestAdapterInit.js:122:21)\n    at jestAdapter (/home/segin/nodist3d/node_modules/.pnpm/jest-circus@29.7.0/node_modules/jest-circus/build/legacy-code-todo-rewrite/jestAdapter.js:79:19)\n    at runTestInternal (/home/segin/nodist3d/node_modules/.pnpm/jest-runner@29.7.0/node_modules/jest-runner/build/runTest.js:367:16)\n    at runTest (/home/segin/nodist3d/node_modules/.pnpm/jest-runner@29.7.0/node_modules/jest-runner/build/runTest.js:444:34)\n    at Object.worker (/home/segin/nodist3d/node_modules/.pnpm/jest-runner@29.7.0/node_modules/jest-runner/build/testWorker.js:106:12)"],"fullName":"ModelLoader Memory Leak should revoke URL when loading fails (GLTF)","invocations":1,"location":null,"numPassingAsserts":0,"retryReasons":[],"status":"failed","title":"should revoke URL when loading fails (GLTF)"},{"ancestorTitles":["ModelLoader Memory Leak"],"duration":36,"failureDetails":[],"failureMessages":[],"fullName":"ModelLoader Memory Leak should revoke URL when file type is unsupported","invocations":1,"location":null,"numPassingAsserts":2,"retryReasons":[],"status":"passed","title":"should revoke URL when file type is unsupported"}],"endTime":1772251466976,"message":"  ● ModelLoader Memory Leak › should revoke URL when loading fails (OBJ)\n\n    expect(received).rejects.toThrow(expected)\n\n    Expected substring: \"Load failed\"\n    Received message:   \"object.scale.setScalar is not a function\"\n\n          24 |         const maxDim = Math.max(size.x, size.y, size.z);\n          25 |         const scale = 2 / maxDim; // Scale to fit in a 2x2x2 box roughly\n        > 26 |         object.scale.setScalar(scale);\n             |                      ^\n          27 |\n          28 |         // Sit on floor (y=0)\n          29 |         object.position.y = (size.y * scale) / 2;\n\n      at setScalar (src/frontend/ModelLoader.js:26:22)\n      at Object.<anonymous> (jest.setup.cjs:888:46)\n      at load (src/frontend/ModelLoader.js:69:24)\n      at ModelLoader.loadModel (src/frontend/ModelLoader.js:16:12)\n      at Object.loadModel (tests/ModelLoader_leak.test.js:49:30)\n      at Object.toThrow (node_modules/.pnpm/expect@29.7.0/node_modules/expect/build/index.js:218:22)\n      at Object.toThrow (tests/ModelLoader_leak.test.js:49:55)\n\n  ● ModelLoader Memory Leak › should revoke URL when loading fails (GLTF)\n\n    expect(received).rejects.toThrow(expected)\n\n    Expected substring: \"Load failed\"\n    Received message:   \"object.scale.setScalar is not a function\"\n\n          24 |         const maxDim = Math.max(size.x, size.y, size.z);\n          25 |         const scale = 2 / maxDim; // Scale to fit in a 2x2x2 box roughly\n        > 26 |         object.scale.setScalar(scale);\n             |                      ^\n          27 |\n          28 |         // Sit on floor (y=0)\n          29 |         object.position.y = (size.y * scale) / 2;\n\n      at setScalar (src/frontend/ModelLoader.js:26:22)\n      at onLoad (src/frontend/ModelLoader.js:73:21)\n      at Object.<anonymous> (jest.setup.cjs:896:46)\n      at load (src/frontend/ModelLoader.js:71:25)\n      at ModelLoader.loadModel (src/frontend/ModelLoader.js:16:12)\n      at Object.loadModel (tests/ModelLoader_leak.test.js:64:30)\n      at Object.toThrow (node_modules/.pnpm/expect@29.7.0/node_modules/expect/build/index.js:218:22)\n      at Object.toThrow (tests/ModelLoader_leak.test.js:64:55)\n","name":"/home/segin/nodist3d/tests/ModelLoader_leak.test.js","startTime":1772251459010,"status":"failed","summary":""},{"assertionResults":[{"ancestorTitles":["SceneGraph Performance"],"duration":190,"failureDetails":[{}],"failureMessages":["TypeError: _three.Ray is not a constructor\n    at Object.<anonymous> (/home/segin/nodist3d/node_modules/.pnpm/three@0.164.1/node_modules/three/examples/jsm/controls/OrbitControls.js:24:14)\n    at Runtime._execModule (/home/segin/nodist3d/node_modules/.pnpm/jest-runtime@29.7.0/node_modules/jest-runtime/build/index.js:1439:24)\n    at Runtime._loadModule (/home/segin/nodist3d/node_modules/.pnpm/jest-runtime@29.7.0/node_modules/jest-runtime/build/index.js:1022:12)\n    at Runtime.requireModule (/home/segin/nodist3d/node_modules/.pnpm/jest-runtime@29.7.0/node_modules/jest-runtime/build/index.js:882:12)\n    at Runtime.requireModuleOrMock (/home/segin/nodist3d/node_modules/.pnpm/jest-runtime@29.7.0/node_modules/jest-runtime/build/index.js:1048:21)\n    at Object.require (/home/segin/nodist3d/src/frontend/main.js:3:1)\n    at Runtime._execModule (/home/segin/nodist3d/node_modules/.pnpm/jest-runtime@29.7.0/node_modules/jest-runtime/build/index.js:1439:24)\n    at Runtime._loadModule (/home/segin/nodist3d/node_modules/.pnpm/jest-runtime@29.7.0/node_modules/jest-runtime/build/index.js:1022:12)\n    at Runtime.requireModule (/home/segin/nodist3d/node_modules/.pnpm/jest-runtime@29.7.0/node_modules/jest-runtime/build/index.js:882:12)\n    at Runtime.requireModuleOrMock (/home/segin/nodist3d/node_modules/.pnpm/jest-runtime@29.7.0/node_modules/jest-runtime/build/index.js:1048:21)\n    at require (/home/segin/nodist3d/benchmarks/scene_graph_bench.test.js:77:24)\n    at processTicksAndRejections (node:internal/process/task_queues:103:5)\n    at Object.<anonymous> (/home/segin/nodist3d/benchmarks/scene_graph_bench.test.js:77:24)"],"fullName":"SceneGraph Performance updateSceneGraph performance with 1000 objects","invocations":1,"location":null,"numPassingAsserts":0,"retryReasons":[],"status":"failed","title":"updateSceneGraph performance with 1000 objects"}],"endTime":1772251467487,"message":"  ● SceneGraph Performance › updateSceneGraph performance with 1000 objects\n\n    TypeError: _three.Ray is not a constructor\n\n      1 | // @ts-check\n      2 | import * as THREE from 'three';\n    > 3 | import { OrbitControls } from 'three/examples/jsm/controls/OrbitControls.js';\n        | ^\n      4 | import { TransformControls } from 'three/examples/jsm/controls/TransformControls.js';\n      5 | import { GUI } from 'dat.gui';\n      6 | import { SceneStorage } from './SceneStorage.js';\n\n      at Object.<anonymous> (node_modules/.pnpm/three@0.164.1/node_modules/three/examples/jsm/controls/OrbitControls.js:24:14)\n      at Object.require (src/frontend/main.js:3:1)\n      at require (benchmarks/scene_graph_bench.test.js:77:24)\n      at Object.<anonymous> (benchmarks/scene_graph_bench.test.js:77:24)\n","name":"/home/segin/nodist3d/benchmarks/scene_graph_bench.test.js","startTime":1772251459409,"status":"failed","summary":""},{"assertionResults":[{"ancestorTitles":["Accessibility Verification"],"duration":362,"failureDetails":[{}],"failureMessages":["TypeError: _three.Ray is not a constructor\n    at Object.<anonymous> (/home/segin/nodist3d/node_modules/.pnpm/three@0.164.1/node_modules/three/examples/jsm/controls/OrbitControls.js:24:14)\n    at Runtime._execModule (/home/segin/nodist3d/node_modules/.pnpm/jest-runtime@29.7.0/node_modules/jest-runtime/build/index.js:1439:24)\n    at Runtime._loadModule (/home/segin/nodist3d/node_modules/.pnpm/jest-runtime@29.7.0/node_modules/jest-runtime/build/index.js:1022:12)\n    at Runtime.requireModule (/home/segin/nodist3d/node_modules/.pnpm/jest-runtime@29.7.0/node_modules/jest-runtime/build/index.js:882:12)\n    at Runtime.requireModuleOrMock (/home/segin/nodist3d/node_modules/.pnpm/jest-runtime@29.7.0/node_modules/jest-runtime/build/index.js:1048:21)\n    at Object.require (/home/segin/nodist3d/src/frontend/main.js:3:1)\n    at Runtime._execModule (/home/segin/nodist3d/node_modules/.pnpm/jest-runtime@29.7.0/node_modules/jest-runtime/build/index.js:1439:24)\n    at Runtime._loadModule (/home/segin/nodist3d/node_modules/.pnpm/jest-runtime@29.7.0/node_modules/jest-runtime/build/index.js:1022:12)\n    at Runtime.requireModule (/home/segin/nodist3d/node_modules/.pnpm/jest-runtime@29.7.0/node_modules/jest-runtime/build/index.js:882:12)\n    at Runtime.requireModuleOrMock (/home/segin/nodist3d/node_modules/.pnpm/jest-runtime@29.7.0/node_modules/jest-runtime/build/index.js:1048:21)\n    at require (/home/segin/nodist3d/tests/verify_a11y.test.js:30:25)\n    at processTicksAndRejections (node:internal/process/task_queues:103:5)\n    at Object.<anonymous> (/home/segin/nodist3d/tests/verify_a11y.test.js:30:25)"],"fullName":"Accessibility Verification should create scene graph buttons with accessibility attributes","invocations":1,"location":null,"numPassingAsserts":0,"retryReasons":[],"status":"failed","title":"should create scene graph buttons with accessibility attributes"}],"endTime":1772251467711,"message":"  ● Accessibility Verification › should create scene graph buttons with accessibility attributes\n\n    TypeError: _three.Ray is not a constructor\n\n      1 | // @ts-check\n      2 | import * as THREE from 'three';\n    > 3 | import { OrbitControls } from 'three/examples/jsm/controls/OrbitControls.js';\n        | ^\n      4 | import { TransformControls } from 'three/examples/jsm/controls/TransformControls.js';\n      5 | import { GUI } from 'dat.gui';\n      6 | import { SceneStorage } from './SceneStorage.js';\n\n      at Object.<anonymous> (node_modules/.pnpm/three@0.164.1/node_modules/three/examples/jsm/controls/OrbitControls.js:24:14)\n      at Object.require (src/frontend/main.js:3:1)\n      at require (tests/verify_a11y.test.js:30:25)\n      at Object.<anonymous> (tests/verify_a11y.test.js:30:25)\n","name":"/home/segin/nodist3d/tests/verify_a11y.test.js","startTime":1772251459022,"status":"failed","summary":""},{"assertionResults":[{"ancestorTitles":["Serialization Optimization Benchmark"],"duration":1189,"failureDetails":[{"matcherResult":{"message":"expect(received).toBeLessThan(expected)\n\nExpected: < 28576\nReceived:   28576","pass":false}}],"failureMessages":["Error: expect(received).toBeLessThan(expected)\n\nExpected: < 28576\nReceived:   28576\n    at Object.toBeLessThan (/home/segin/nodist3d/benchmarks/serialization_optimization_bench.test.js:96:51)\n    at Promise.then.completed (/home/segin/nodist3d/node_modules/.pnpm/jest-circus@29.7.0/node_modules/jest-circus/build/utils.js:298:28)\n    at new Promise (<anonymous>)\n    at callAsyncCircusFn (/home/segin/nodist3d/node_modules/.pnpm/jest-circus@29.7.0/node_modules/jest-circus/build/utils.js:231:10)\n    at _callCircusTest (/home/segin/nodist3d/node_modules/.pnpm/jest-circus@29.7.0/node_modules/jest-circus/build/run.js:316:40)\n    at processTicksAndRejections (node:internal/process/task_queues:103:5)\n    at _runTest (/home/segin/nodist3d/node_modules/.pnpm/jest-circus@29.7.0/node_modules/jest-circus/build/run.js:252:3)\n    at _runTestsForDescribeBlock (/home/segin/nodist3d/node_modules/.pnpm/jest-circus@29.7.0/node_modules/jest-circus/build/run.js:126:9)\n    at _runTestsForDescribeBlock (/home/segin/nodist3d/node_modules/.pnpm/jest-circus@29.7.0/node_modules/jest-circus/build/run.js:121:9)\n    at run (/home/segin/nodist3d/node_modules/.pnpm/jest-circus@29.7.0/node_modules/jest-circus/build/run.js:71:3)\n    at runAndTransformResultsToJestFormat (/home/segin/nodist3d/node_modules/.pnpm/jest-circus@29.7.0/node_modules/jest-circus/build/legacy-code-todo-rewrite/jestAdapterInit.js:122:21)\n    at jestAdapter (/home/segin/nodist3d/node_modules/.pnpm/jest-circus@29.7.0/node_modules/jest-circus/build/legacy-code-todo-rewrite/jestAdapter.js:79:19)\n    at runTestInternal (/home/segin/nodist3d/node_modules/.pnpm/jest-runner@29.7.0/node_modules/jest-runner/build/runTest.js:367:16)\n    at runTest (/home/segin/nodist3d/node_modules/.pnpm/jest-runner@29.7.0/node_modules/jest-runner/build/runTest.js:444:34)\n    at Object.worker (/home/segin/nodist3d/node_modules/.pnpm/jest-runner@29.7.0/node_modules/jest-runner/build/testWorker.js:106:12)"],"fullName":"Serialization Optimization Benchmark Benchmark: Full serialization pipeline","invocations":1,"location":null,"numPassingAsserts":1,"retryReasons":[],"status":"failed","title":"Benchmark: Full serialization pipeline"}],"endTime":1772251468215,"message":"  ● Serialization Optimization Benchmark › Benchmark: Full serialization pipeline\n\n    expect(received).toBeLessThan(expected)\n\n    Expected: < 28576\n    Received:   28576\n\n      94 |\n      95 |         expect(totalOptimized).toBeLessThan(totalNaive);\n    > 96 |         expect(workerResultOptimized.json.length).toBeLessThan(workerResultNaive.json.length);\n         |                                                   ^\n      97 |         expect(workerResultOptimized.buffers.length).toBeGreaterThan(0);\n      98 |         expect(workerResultNaive.buffers.length).toBe(0);\n      99 |     });\n\n      at Object.toBeLessThan (benchmarks/serialization_optimization_bench.test.js:96:51)\n","name":"/home/segin/nodist3d/benchmarks/serialization_optimization_bench.test.js","startTime":1772251459143,"status":"failed","summary":""},{"assertionResults":[{"ancestorTitles":["Scene Clearing Performance Benchmark"],"duration":1651,"failureDetails":[],"failureMessages":[],"fullName":"Scene Clearing Performance Benchmark Benchmark: Clear scene using remove(children[0]) (Current Implementation)","invocations":1,"location":null,"numPassingAsserts":0,"retryReasons":[],"status":"passed","title":"Benchmark: Clear scene using remove(children[0]) (Current Implementation)"},{"ancestorTitles":["Scene Clearing Performance Benchmark"],"duration":858,"failureDetails":[],"failureMessages":[],"fullName":"Scene Clearing Performance Benchmark Benchmark: Clear scene using pop() (Optimized Implementation)","invocations":1,"location":null,"numPassingAsserts":0,"retryReasons":[],"status":"passed","title":"Benchmark: Clear scene using pop() (Optimized Implementation)"}],"endTime":1772251471558,"message":"","name":"/home/segin/nodist3d/tests/benchmark_clearScene.test.js","startTime":1772251468385,"status":"passed","summary":""},{"assertionResults":[{"ancestorTitles":["Server Rate Limiting"],"duration":886,"failureDetails":[],"failureMessages":[],"fullName":"Server Rate Limiting should allow requests within the limit","invocations":1,"location":null,"numPassingAsserts":5,"retryReasons":[],"status":"passed","title":"should allow requests within the limit"},{"ancestorTitles":["Server Rate Limiting"],"duration":2357,"failureDetails":[],"failureMessages":[],"fullName":"Server Rate Limiting should block requests exceeding the limit","invocations":1,"location":null,"numPassingAsserts":1,"retryReasons":[],"status":"passed","title":"should block requests exceeding the limit"}],"endTime":1772251477619,"message":"","name":"/home/segin/nodist3d/tests/server_rate_limit.test.js","startTime":1772251471622,"status":"passed","summary":""},{"assertionResults":[{"ancestorTitles":["Benchmark Serialization Performance"],"duration":2637,"failureDetails":[],"failureMessages":[],"fullName":"Benchmark Serialization Performance Benchmark: JSON.stringify with Array.from vs Buffer Extraction","invocations":1,"location":null,"numPassingAsserts":2,"retryReasons":[],"status":"passed","title":"Benchmark: JSON.stringify with Array.from vs Buffer Extraction"}],"endTime":1772251480864,"message":"","name":"/home/segin/nodist3d/tests/benchmark_serialization.test.js","startTime":1772251477828,"status":"passed","summary":""},{"assertionResults":[{"ancestorTitles":["Scene Clearing Performance"],"duration":540,"failureDetails":[],"failureMessages":[],"fullName":"Scene Clearing Performance Benchmark: 1000 objects","invocations":1,"location":null,"numPassingAsserts":0,"retryReasons":[],"status":"passed","title":"Benchmark: 1000 objects"},{"ancestorTitles":["Scene Clearing Performance"],"duration":1180,"failureDetails":[],"failureMessages":[],"fullName":"Scene Clearing Performance Benchmark: 5000 objects","invocations":1,"location":null,"numPassingAsserts":0,"retryReasons":[],"status":"passed","title":"Benchmark: 5000 objects"},{"ancestorTitles":["Scene Clearing Performance"],"duration":1812,"failureDetails":[],"failureMessages":[],"fullName":"Scene Clearing Performance Benchmark: 10000 objects","invocations":1,"location":null,"numPassingAsserts":0,"retryReasons":[],"status":"passed","title":"Benchmark: 10000 objects"}],"endTime":1772251484934,"message":"","name":"/home/segin/nodist3d/benchmarks/scene_clearing_bench.test.js","startTime":1772251481006,"status":"passed","summary":""},{"assertionResults":[{"ancestorTitles":["Scene Serialization Performance"],"duration":102,"failureDetails":[],"failureMessages":[],"fullName":"Scene Serialization Performance Benchmark: Sphere(100, 100) ~10k vertices","invocations":1,"location":null,"numPassingAsserts":0,"retryReasons":[],"status":"passed","title":"Benchmark: Sphere(100, 100) ~10k vertices"},{"ancestorTitles":["Scene Serialization Performance"],"duration":18,"failureDetails":[],"failureMessages":[],"fullName":"Scene Serialization Performance Benchmark: Sphere(300, 300) ~90k vertices","invocations":1,"location":null,"numPassingAsserts":0,"retryReasons":[],"status":"passed","title":"Benchmark: Sphere(300, 300) ~90k vertices"}],"endTime":1772251488376,"message":"","name":"/home/segin/nodist3d/benchmarks/scene_serialization_bench.test.js","startTime":1772251484973,"status":"passed","summary":""},{"assertionResults":[{"ancestorTitles":["GET /"],"duration":56,"failureDetails":[],"failureMessages":[],"fullName":"GET / responds with 200","invocations":1,"location":null,"numPassingAsserts":0,"retryReasons":[],"status":"passed","title":"responds with 200"}],"endTime":1772251488935,"message":"","name":"/home/segin/nodist3d/tests/backend.test.js","startTime":1772251488451,"status":"passed","summary":""},{"assertionResults":[{"ancestorTitles":["Scene Graph/Outliner Functionality","Scene Graph Setup"],"duration":35,"failureDetails":[],"failureMessages":[],"fullName":"Scene Graph/Outliner Functionality Scene Graph Setup should create scene graph panel with proper structure","invocations":1,"location":null,"numPassingAsserts":3,"retryReasons":[],"status":"passed","title":"should create scene graph panel with proper structure"},{"ancestorTitles":["Scene Graph/Outliner Functionality","Scene Graph Setup"],"duration":15,"failureDetails":[],"failureMessages":[],"fullName":"Scene Graph/Outliner Functionality Scene Graph Setup should show empty message when no objects exist","invocations":1,"location":null,"numPassingAsserts":1,"retryReasons":[],"status":"passed","title":"should show empty message when no objects exist"},{"ancestorTitles":["Scene Graph/Outliner Functionality","Scene Graph Setup"],"duration":38,"failureDetails":[],"failureMessages":[],"fullName":"Scene Graph/Outliner Functionality Scene Graph Setup should display object information in scene graph","invocations":1,"location":null,"numPassingAsserts":4,"retryReasons":[],"status":"passed","title":"should display object information in scene graph"},{"ancestorTitles":["Scene Graph/Outliner Functionality","Scene Graph Setup"],"duration":22,"failureDetails":[],"failureMessages":[],"fullName":"Scene Graph/Outliner Functionality Scene Graph Setup should handle object selection through scene graph","invocations":1,"location":null,"numPassingAsserts":2,"retryReasons":[],"status":"passed","title":"should handle object selection through scene graph"},{"ancestorTitles":["Scene Graph/Outliner Functionality","Scene Graph Setup"],"duration":41,"failureDetails":[],"failureMessages":[],"fullName":"Scene Graph/Outliner Functionality Scene Graph Setup should handle object deletion through scene graph","invocations":1,"location":null,"numPassingAsserts":5,"retryReasons":[],"status":"passed","title":"should handle object deletion through scene graph"},{"ancestorTitles":["Scene Graph/Outliner Functionality","Scene Graph Setup"],"duration":23,"failureDetails":[],"failureMessages":[],"fullName":"Scene Graph/Outliner Functionality Scene Graph Setup should clear selection when selected object is deleted","invocations":1,"location":null,"numPassingAsserts":2,"retryReasons":[],"status":"passed","title":"should clear selection when selected object is deleted"},{"ancestorTitles":["Scene Graph/Outliner Functionality","Visibility Toggle"],"duration":13,"failureDetails":[],"failureMessages":[],"fullName":"Scene Graph/Outliner Functionality Visibility Toggle should toggle object visibility","invocations":1,"location":null,"numPassingAsserts":3,"retryReasons":[],"status":"passed","title":"should toggle object visibility"},{"ancestorTitles":["Scene Graph/Outliner Functionality","Accessibility"],"duration":23,"failureDetails":[],"failureMessages":[],"fullName":"Scene Graph/Outliner Functionality Accessibility should have role=\"button\" and tabindex=\"0\" on list items","invocations":1,"location":null,"numPassingAsserts":3,"retryReasons":[],"status":"passed","title":"should have role=\"button\" and tabindex=\"0\" on list items"},{"ancestorTitles":["Scene Graph/Outliner Functionality","Accessibility"],"duration":9,"failureDetails":[],"failureMessages":[],"fullName":"Scene Graph/Outliner Functionality Accessibility should have aria-label and title on visibility button","invocations":1,"location":null,"numPassingAsserts":4,"retryReasons":[],"status":"passed","title":"should have aria-label and title on visibility button"},{"ancestorTitles":["Scene Graph/Outliner Functionality","Accessibility"],"duration":18,"failureDetails":[],"failureMessages":[],"fullName":"Scene Graph/Outliner Functionality Accessibility should have aria-label and title on delete button","invocations":1,"location":null,"numPassingAsserts":2,"retryReasons":[],"status":"passed","title":"should have aria-label and title on delete button"}],"endTime":1772251489792,"message":"","name":"/home/segin/nodist3d/tests/SceneGraphOutliner.test.js","startTime":1772251489224,"status":"passed","summary":""},{"assertionResults":[{"ancestorTitles":["ObjectManager"],"duration":43,"failureDetails":[],"failureMessages":[],"fullName":"ObjectManager should add a cube to the scene","invocations":1,"location":null,"numPassingAsserts":3,"retryReasons":[],"status":"passed","title":"should add a cube to the scene"},{"ancestorTitles":["ObjectManager"],"duration":5,"failureDetails":[],"failureMessages":[],"fullName":"ObjectManager should add a sphere to the scene","invocations":1,"location":null,"numPassingAsserts":2,"retryReasons":[],"status":"passed","title":"should add a sphere to the scene"},{"ancestorTitles":["ObjectManager"],"duration":1,"failureDetails":[],"failureMessages":[],"fullName":"ObjectManager should return null when duplicating a non-existent object","invocations":1,"location":null,"numPassingAsserts":1,"retryReasons":[],"status":"passed","title":"should return null when duplicating a non-existent object"},{"ancestorTitles":["ObjectManager"],"duration":31,"failureDetails":[],"failureMessages":[],"fullName":"ObjectManager should successfully add a texture to an object's material map","invocations":1,"location":null,"numPassingAsserts":3,"retryReasons":[],"status":"passed","title":"should successfully add a texture to an object's material map"},{"ancestorTitles":["ObjectManager"],"duration":18,"failureDetails":[],"failureMessages":[],"fullName":"ObjectManager should successfully add a texture to an object's normal map","invocations":1,"location":null,"numPassingAsserts":1,"retryReasons":[],"status":"passed","title":"should successfully add a texture to an object's normal map"},{"ancestorTitles":["ObjectManager"],"duration":8,"failureDetails":[],"failureMessages":[],"fullName":"ObjectManager should successfully add a texture to an object's roughness map","invocations":1,"location":null,"numPassingAsserts":1,"retryReasons":[],"status":"passed","title":"should successfully add a texture to an object's roughness map"},{"ancestorTitles":["ObjectManager"],"duration":6,"failureDetails":[],"failureMessages":[],"fullName":"ObjectManager should handle adding a texture to an object with no material","invocations":1,"location":null,"numPassingAsserts":1,"retryReasons":[],"status":"passed","title":"should handle adding a texture to an object with no material"},{"ancestorTitles":["ObjectManager"],"duration":3,"failureDetails":[],"failureMessages":[],"fullName":"ObjectManager should properly dispose of an object's geometry and material on deletion","invocations":1,"location":null,"numPassingAsserts":2,"retryReasons":[],"status":"passed","title":"should properly dispose of an object's geometry and material on deletion"},{"ancestorTitles":["ObjectManager"],"duration":3,"failureDetails":[],"failureMessages":[],"fullName":"ObjectManager should handle the deletion of an already deleted object","invocations":1,"location":null,"numPassingAsserts":1,"retryReasons":[],"status":"passed","title":"should handle the deletion of an already deleted object"},{"ancestorTitles":["ObjectManager"],"duration":27,"failureDetails":[],"failureMessages":[],"fullName":"ObjectManager should successfully update an object's material color","invocations":1,"location":null,"numPassingAsserts":1,"retryReasons":[],"status":"passed","title":"should successfully update an object's material color"},{"ancestorTitles":["ObjectManager"],"duration":3,"failureDetails":[],"failureMessages":[],"fullName":"ObjectManager should handle updating a material property that does not exist","invocations":1,"location":null,"numPassingAsserts":1,"retryReasons":[],"status":"passed","title":"should handle updating a material property that does not exist"},{"ancestorTitles":["ObjectManager"],"duration":19,"failureDetails":[],"failureMessages":[],"fullName":"ObjectManager should successfully create a text object when the font is loaded","invocations":1,"location":null,"numPassingAsserts":2,"retryReasons":[],"status":"passed","title":"should successfully create a text object when the font is loaded"},{"ancestorTitles":["ObjectManager"],"duration":13,"failureDetails":[],"failureMessages":[],"fullName":"ObjectManager should ensure a duplicated object is a deep clone, not a reference","invocations":1,"location":null,"numPassingAsserts":3,"retryReasons":[],"status":"passed","title":"should ensure a duplicated object is a deep clone, not a reference"},{"ancestorTitles":["ObjectManager"],"duration":56,"failureDetails":[],"failureMessages":[],"fullName":"ObjectManager should ensure that deleting a group also removes all its children from the scene","invocations":1,"location":null,"numPassingAsserts":2,"retryReasons":[],"status":"passed","title":"should ensure that deleting a group also removes all its children from the scene"},{"ancestorTitles":["ObjectManager"],"duration":8,"failureDetails":[],"failureMessages":[],"fullName":"ObjectManager should resolve the promise when `addText` is called and font is available","invocations":1,"location":null,"numPassingAsserts":1,"retryReasons":[],"status":"passed","title":"should resolve the promise when `addText` is called and font is available"},{"ancestorTitles":["ObjectManager"],"duration":32,"failureDetails":[],"failureMessages":[],"fullName":"ObjectManager should correctly set the material `side` property for planes (`THREE.DoubleSide`)","invocations":1,"location":null,"numPassingAsserts":0,"retryReasons":[],"status":"passed","title":"should correctly set the material `side` property for planes (`THREE.DoubleSide`)"},{"ancestorTitles":["ObjectManager"],"duration":3,"failureDetails":[],"failureMessages":[],"fullName":"ObjectManager should correctly dispose of textures when an object with textures is deleted","invocations":1,"location":null,"numPassingAsserts":1,"retryReasons":[],"status":"passed","title":"should correctly dispose of textures when an object with textures is deleted"},{"ancestorTitles":["ObjectManager"],"duration":3,"failureDetails":[],"failureMessages":[],"fullName":"ObjectManager should handle `updateMaterial` for an object with an array of materials","invocations":1,"location":null,"numPassingAsserts":2,"retryReasons":[],"status":"passed","title":"should handle `updateMaterial` for an object with an array of materials"},{"ancestorTitles":["ObjectManager"],"duration":11,"failureDetails":[],"failureMessages":[],"fullName":"ObjectManager should correctly clone an object's material properties when duplicating","invocations":1,"location":null,"numPassingAsserts":4,"retryReasons":[],"status":"passed","title":"should correctly clone an object's material properties when duplicating"},{"ancestorTitles":["ObjectManager"],"duration":4,"failureDetails":[],"failureMessages":[],"fullName":"ObjectManager should handle duplication of an object with no geometry or material","invocations":1,"location":null,"numPassingAsserts":5,"retryReasons":[],"status":"passed","title":"should handle duplication of an object with no geometry or material"},{"ancestorTitles":["ObjectManager"],"duration":3,"failureDetails":[],"failureMessages":[],"fullName":"ObjectManager should update `metalness` property correctly via `updateMaterial`","invocations":1,"location":null,"numPassingAsserts":1,"retryReasons":[],"status":"passed","title":"should update `metalness` property correctly via `updateMaterial`"},{"ancestorTitles":["ObjectManager"],"duration":27,"failureDetails":[],"failureMessages":[],"fullName":"ObjectManager should update `roughness` property correctly via `updateMaterial`","invocations":1,"location":null,"numPassingAsserts":1,"retryReasons":[],"status":"passed","title":"should update `roughness` property correctly via `updateMaterial`"},{"ancestorTitles":["ObjectManager"],"duration":3,"failureDetails":[],"failureMessages":[],"fullName":"ObjectManager should return a new object with a position offset when duplicating","invocations":1,"location":null,"numPassingAsserts":3,"retryReasons":[],"status":"passed","title":"should return a new object with a position offset when duplicating"},{"ancestorTitles":["ObjectManager"],"duration":4,"failureDetails":[],"failureMessages":[],"fullName":"ObjectManager should handle adding a texture of an unsupported type gracefully","invocations":1,"location":null,"numPassingAsserts":2,"retryReasons":[],"status":"passed","title":"should handle adding a texture of an unsupported type gracefully"}],"endTime":1772251490697,"message":"","name":"/home/segin/nodist3d/tests/ObjectManager.test.js","startTime":1772251489871,"status":"passed","summary":""},{"assertionResults":[{"ancestorTitles":["GroupManager"],"duration":20,"failureDetails":[],"failureMessages":[],"fullName":"GroupManager should successfully group two or more objects","invocations":1,"location":null,"numPassingAsserts":6,"retryReasons":[],"status":"passed","title":"should successfully group two or more objects"},{"ancestorTitles":["GroupManager"],"duration":10,"failureDetails":[],"failureMessages":[],"fullName":"GroupManager should refuse to create a group with fewer than two objects","invocations":1,"location":null,"numPassingAsserts":2,"retryReasons":[],"status":"passed","title":"should refuse to create a group with fewer than two objects"},{"ancestorTitles":["GroupManager"],"duration":14,"failureDetails":[],"failureMessages":[],"fullName":"GroupManager should correctly calculate the center of the grouped objects for the group's position","invocations":1,"location":null,"numPassingAsserts":3,"retryReasons":[],"status":"passed","title":"should correctly calculate the center of the grouped objects for the group's position"},{"ancestorTitles":["GroupManager"],"duration":12,"failureDetails":[],"failureMessages":[],"fullName":"GroupManager should successfully ungroup a group of objects","invocations":1,"location":null,"numPassingAsserts":3,"retryReasons":[],"status":"passed","title":"should successfully ungroup a group of objects"},{"ancestorTitles":["GroupManager"],"duration":10,"failureDetails":[],"failureMessages":[],"fullName":"GroupManager should place ungrouped objects back into the scene at the correct world positions","invocations":1,"location":null,"numPassingAsserts":6,"retryReasons":[],"status":"passed","title":"should place ungrouped objects back into the scene at the correct world positions"},{"ancestorTitles":["GroupManager"],"duration":19,"failureDetails":[],"failureMessages":[],"fullName":"GroupManager should handle a request to ungroup an object that is not a group","invocations":1,"location":null,"numPassingAsserts":2,"retryReasons":[],"status":"passed","title":"should handle a request to ungroup an object that is not a group"},{"ancestorTitles":["GroupManager"],"duration":26,"failureDetails":[],"failureMessages":[],"fullName":"GroupManager should allow grouping a group with another object","invocations":1,"location":null,"numPassingAsserts":6,"retryReasons":[],"status":"passed","title":"should allow grouping a group with another object"},{"ancestorTitles":["GroupManager"],"duration":16,"failureDetails":[],"failureMessages":[],"fullName":"GroupManager should correctly handle ungrouping a nested group, restoring all objects to the scene","invocations":1,"location":null,"numPassingAsserts":13,"retryReasons":[],"status":"passed","title":"should correctly handle ungrouping a nested group, restoring all objects to the scene"},{"ancestorTitles":["GroupManager"],"duration":37,"failureDetails":[],"failureMessages":[],"fullName":"GroupManager should maintain the world-space transforms of objects when they are grouped","invocations":1,"location":null,"numPassingAsserts":6,"retryReasons":[],"status":"passed","title":"should maintain the world-space transforms of objects when they are grouped"},{"ancestorTitles":["GroupManager"],"duration":5,"failureDetails":[],"failureMessages":[],"fullName":"GroupManager should return an empty array when trying to ungroup a non-group object","invocations":1,"location":null,"numPassingAsserts":2,"retryReasons":[],"status":"passed","title":"should return an empty array when trying to ungroup a non-group object"},{"ancestorTitles":["GroupManager"],"duration":4,"failureDetails":[],"failureMessages":[],"fullName":"GroupManager `ungroupObjects` should return an array containing all the former children","invocations":1,"location":null,"numPassingAsserts":4,"retryReasons":[],"status":"passed","title":"`ungroupObjects` should return an array containing all the former children"},{"ancestorTitles":["GroupManager"],"duration":10,"failureDetails":[],"failureMessages":[],"fullName":"GroupManager Grouping should remove the original objects from the scene and add the new group","invocations":1,"location":null,"numPassingAsserts":5,"retryReasons":[],"status":"passed","title":"Grouping should remove the original objects from the scene and add the new group"},{"ancestorTitles":["GroupManager"],"duration":1,"failureDetails":[],"failureMessages":[],"fullName":"GroupManager An empty group should be removable from the scene","invocations":1,"location":null,"numPassingAsserts":2,"retryReasons":[],"status":"passed","title":"An empty group should be removable from the scene"},{"ancestorTitles":["GroupManager"],"duration":3,"failureDetails":[],"failureMessages":[],"fullName":"GroupManager Grouping objects with existing animations should continue to work","invocations":1,"location":null,"numPassingAsserts":4,"retryReasons":[],"status":"passed","title":"Grouping objects with existing animations should continue to work"},{"ancestorTitles":["GroupManager"],"duration":15,"failureDetails":[],"failureMessages":[],"fullName":"GroupManager A group's name should be settable and reflected in the Scene Graph","invocations":1,"location":null,"numPassingAsserts":1,"retryReasons":[],"status":"passed","title":"A group's name should be settable and reflected in the Scene Graph"}],"endTime":1772251491243,"message":"","name":"/home/segin/nodist3d/tests/GroupManager.test.js","startTime":1772251490825,"status":"passed","summary":""},{"assertionResults":[{"ancestorTitles":["Scene Graph Diff Benchmark"],"duration":22986,"failureDetails":[],"failureMessages":[],"fullName":"Scene Graph Diff Benchmark benchmarks Current (Rebuild) vs Diffing","invocations":1,"location":null,"numPassingAsserts":0,"retryReasons":[],"status":"passed","title":"benchmarks Current (Rebuild) vs Diffing"}],"endTime":1772251491579,"message":"","name":"/home/segin/nodist3d/benchmarks/scene_graph_diff_bench.test.js","startTime":1772251467875,"status":"passed","summary":""},{"assertionResults":[{"ancestorTitles":["PhysicsManager removeBody Performance"],"duration":23607,"failureDetails":[],"failureMessages":[],"fullName":"PhysicsManager removeBody Performance Benchmark removal strategies (10,000 items)","invocations":1,"location":null,"numPassingAsserts":3,"retryReasons":[],"status":"passed","title":"Benchmark removal strategies (10,000 items)"}],"endTime":1772251491573,"message":"","name":"/home/segin/nodist3d/benchmarks/physics_removeBody.test.js","startTime":1772251467563,"status":"passed","summary":""},{"assertionResults":[{"ancestorTitles":["App"],"duration":179,"failureDetails":[],"failureMessages":[],"fullName":"App should initialize correctly","invocations":1,"location":null,"numPassingAsserts":2,"retryReasons":[],"status":"passed","title":"should initialize correctly"},{"ancestorTitles":["App"],"duration":110,"failureDetails":[],"failureMessages":[],"fullName":"App should add a box primitive","invocations":1,"location":null,"numPassingAsserts":1,"retryReasons":[],"status":"passed","title":"should add a box primitive"}],"endTime":1772251491909,"message":"","name":"/home/segin/nodist3d/tests/main.test.js","startTime":1772251491296,"status":"passed","summary":""},{"assertionResults":[{"ancestorTitles":["Toolbar"],"duration":86,"failureDetails":[],"failureMessages":[],"fullName":"Toolbar setupToolbar creates buttons correctly","invocations":1,"location":null,"numPassingAsserts":9,"retryReasons":[],"status":"passed","title":"setupToolbar creates buttons correctly"},{"ancestorTitles":["Toolbar"],"duration":71,"failureDetails":[],"failureMessages":[],"fullName":"Toolbar clicking buttons triggers actions and updates state","invocations":1,"location":null,"numPassingAsserts":6,"retryReasons":[],"status":"passed","title":"clicking buttons triggers actions and updates state"},{"ancestorTitles":["Toolbar"],"duration":31,"failureDetails":[],"failureMessages":[],"fullName":"Toolbar edit operations trigger respective methods","invocations":1,"location":null,"numPassingAsserts":3,"retryReasons":[],"status":"passed","title":"edit operations trigger respective methods"}],"endTime":1772251492617,"message":"","name":"/home/segin/nodist3d/tests/Toolbar.test.js","startTime":1772251491639,"status":"passed","summary":""},{"assertionResults":[{"ancestorTitles":["SceneManager"],"duration":241,"failureDetails":[],"failureMessages":[],"fullName":"SceneManager should update the renderer size and camera aspect ratio on window resize","invocations":1,"location":null,"numPassingAsserts":2,"retryReasons":[],"status":"passed","title":"should update the renderer size and camera aspect ratio on window resize"},{"ancestorTitles":["SceneManager"],"duration":10,"failureDetails":[],"failureMessages":[],"fullName":"SceneManager should restore the camera's initial position and target","invocations":1,"location":null,"numPassingAsserts":3,"retryReasons":[],"status":"passed","title":"should restore the camera's initial position and target"},{"ancestorTitles":["SceneManager"],"duration":2,"failureDetails":[],"failureMessages":[],"fullName":"SceneManager OrbitControls `damping` should be enabled","invocations":1,"location":null,"numPassingAsserts":1,"retryReasons":[],"status":"passed","title":"OrbitControls `damping` should be enabled"},{"ancestorTitles":["SceneManager"],"duration":13,"failureDetails":[],"failureMessages":[],"fullName":"SceneManager The scene should contain a GridHelper and an AxesHelper on initialization","invocations":1,"location":null,"numPassingAsserts":2,"retryReasons":[],"status":"passed","title":"The scene should contain a GridHelper and an AxesHelper on initialization"},{"ancestorTitles":["SceneManager"],"duration":15,"failureDetails":[],"failureMessages":[],"fullName":"SceneManager The renderer's DOM element should be the same as the canvas provided in the constructor","invocations":1,"location":null,"numPassingAsserts":1,"retryReasons":[],"status":"passed","title":"The renderer's DOM element should be the same as the canvas provided in the constructor"}],"endTime":1772251492585,"message":"","name":"/home/segin/nodist3d/tests/SceneManager.test.js","startTime":1772251491975,"status":"passed","summary":""},{"assertionResults":[{"ancestorTitles":["SceneStorage"],"duration":18,"failureDetails":[],"failureMessages":[],"fullName":"SceneStorage should initialize correctly","invocations":1,"location":null,"numPassingAsserts":2,"retryReasons":[],"status":"passed","title":"should initialize correctly"},{"ancestorTitles":["SceneStorage"],"duration":55,"failureDetails":[],"failureMessages":[],"fullName":"SceneStorage should save the scene","invocations":1,"location":null,"numPassingAsserts":4,"retryReasons":[],"status":"passed","title":"should save the scene"},{"ancestorTitles":["SceneStorage"],"duration":8,"failureDetails":[],"failureMessages":[],"fullName":"SceneStorage should load the scene","invocations":1,"location":null,"numPassingAsserts":1,"retryReasons":[],"status":"passed","title":"should load the scene"}],"endTime":1772251493063,"message":"","name":"/home/segin/nodist3d/tests/SceneStorage.test.js","startTime":1772251491751,"status":"passed","summary":""},{"assertionResults":[{"ancestorTitles":["PhysicsManager update() correctness"],"duration":28,"failureDetails":[],"failureMessages":[],"fullName":"PhysicsManager update() correctness update() correctly synchronizes mesh position with body position","invocations":1,"location":null,"numPassingAsserts":7,"retryReasons":[],"status":"passed","title":"update() correctly synchronizes mesh position with body position"},{"ancestorTitles":["PhysicsManager update() correctness"],"duration":26,"failureDetails":[],"failureMessages":[],"fullName":"PhysicsManager update() correctness update() handles multiple bodies","invocations":1,"location":null,"numPassingAsserts":2,"retryReasons":[],"status":"passed","title":"update() handles multiple bodies"}],"endTime":1772251493381,"message":"","name":"/home/segin/nodist3d/tests/verify_physics_update.test.js","startTime":1772251493104,"status":"passed","summary":""},{"assertionResults":[{"ancestorTitles":["Integration Tests - Complete Workflow","Complete Object Lifecycle"],"duration":22,"failureDetails":[],"failureMessages":[],"fullName":"Integration Tests - Complete Workflow Complete Object Lifecycle should handle full create, select, modify, delete workflow","invocations":1,"location":null,"numPassingAsserts":9,"retryReasons":[],"status":"passed","title":"should handle full create, select, modify, delete workflow"},{"ancestorTitles":["Integration Tests - Complete Workflow","Complete Object Lifecycle"],"duration":10,"failureDetails":[],"failureMessages":[],"fullName":"Integration Tests - Complete Workflow Complete Object Lifecycle should maintain data consistency across all systems","invocations":1,"location":null,"numPassingAsserts":6,"retryReasons":[],"status":"passed","title":"should maintain data consistency across all systems"},{"ancestorTitles":["Integration Tests - Complete Workflow","Undo/Redo with UI Integration"],"duration":13,"failureDetails":[],"failureMessages":[],"fullName":"Integration Tests - Complete Workflow Undo/Redo with UI Integration should undo object creation and update all UI components","invocations":1,"location":null,"numPassingAsserts":5,"retryReasons":[],"status":"passed","title":"should undo object creation and update all UI components"},{"ancestorTitles":["Integration Tests - Complete Workflow","Undo/Redo with UI Integration"],"duration":11,"failureDetails":[],"failureMessages":[],"fullName":"Integration Tests - Complete Workflow Undo/Redo with UI Integration should redo object creation and restore all states","invocations":1,"location":null,"numPassingAsserts":4,"retryReasons":[],"status":"passed","title":"should redo object creation and restore all states"},{"ancestorTitles":["Integration Tests - Complete Workflow","Undo/Redo with UI Integration"],"duration":29,"failureDetails":[],"failureMessages":[],"fullName":"Integration Tests - Complete Workflow Undo/Redo with UI Integration should handle complex undo/redo scenarios with multiple objects","invocations":1,"location":null,"numPassingAsserts":10,"retryReasons":[],"status":"passed","title":"should handle complex undo/redo scenarios with multiple objects"},{"ancestorTitles":["Integration Tests - Complete Workflow","Scene Graph and Property Panel Integration"],"duration":15,"failureDetails":[],"failureMessages":[],"fullName":"Integration Tests - Complete Workflow Scene Graph and Property Panel Integration should update property panel when object is selected from scene graph","invocations":1,"location":null,"numPassingAsserts":5,"retryReasons":[],"status":"passed","title":"should update property panel when object is selected from scene graph"},{"ancestorTitles":["Integration Tests - Complete Workflow","Scene Graph and Property Panel Integration"],"duration":14,"failureDetails":[],"failureMessages":[],"fullName":"Integration Tests - Complete Workflow Scene Graph and Property Panel Integration should clear property panel when object is deleted from scene graph","invocations":1,"location":null,"numPassingAsserts":5,"retryReasons":[],"status":"passed","title":"should clear property panel when object is deleted from scene graph"},{"ancestorTitles":["Integration Tests - Complete Workflow","Scene Graph and Property Panel Integration"],"duration":11,"failureDetails":[],"failureMessages":[],"fullName":"Integration Tests - Complete Workflow Scene Graph and Property Panel Integration should update scene graph when objects are added or removed","invocations":1,"location":null,"numPassingAsserts":3,"retryReasons":[],"status":"passed","title":"should update scene graph when objects are added or removed"},{"ancestorTitles":["Integration Tests - Complete Workflow","Object Duplication Workflow"],"duration":13,"failureDetails":[],"failureMessages":[],"fullName":"Integration Tests - Complete Workflow Object Duplication Workflow should duplicate object with all properties and integrate with all systems","invocations":1,"location":null,"numPassingAsserts":8,"retryReasons":[],"status":"passed","title":"should duplicate object with all properties and integrate with all systems"},{"ancestorTitles":["Integration Tests - Complete Workflow","Object Duplication Workflow"],"duration":5,"failureDetails":[],"failureMessages":[],"fullName":"Integration Tests - Complete Workflow Object Duplication Workflow should handle duplication when no object is selected","invocations":1,"location":null,"numPassingAsserts":2,"retryReasons":[],"status":"passed","title":"should handle duplication when no object is selected"},{"ancestorTitles":["Integration Tests - Complete Workflow","Multi-Object Selection and Management"],"duration":27,"failureDetails":[],"failureMessages":[],"fullName":"Integration Tests - Complete Workflow Multi-Object Selection and Management should handle selection changes between multiple objects","invocations":1,"location":null,"numPassingAsserts":5,"retryReasons":[],"status":"passed","title":"should handle selection changes between multiple objects"},{"ancestorTitles":["Integration Tests - Complete Workflow","Multi-Object Selection and Management"],"duration":41,"failureDetails":[],"failureMessages":[],"fullName":"Integration Tests - Complete Workflow Multi-Object Selection and Management should maintain correct selection state through undo/redo operations","invocations":1,"location":null,"numPassingAsserts":4,"retryReasons":[],"status":"passed","title":"should maintain correct selection state through undo/redo operations"},{"ancestorTitles":["Integration Tests - Complete Workflow","Error Handling and Edge Cases"],"duration":4,"failureDetails":[],"failureMessages":[],"fullName":"Integration Tests - Complete Workflow Error Handling and Edge Cases should handle deleting non-existent objects gracefully","invocations":1,"location":null,"numPassingAsserts":2,"retryReasons":[],"status":"passed","title":"should handle deleting non-existent objects gracefully"},{"ancestorTitles":["Integration Tests - Complete Workflow","Error Handling and Edge Cases"],"duration":28,"failureDetails":[],"failureMessages":[],"fullName":"Integration Tests - Complete Workflow Error Handling and Edge Cases should handle undo/redo at history boundaries","invocations":1,"location":null,"numPassingAsserts":2,"retryReasons":[],"status":"passed","title":"should handle undo/redo at history boundaries"},{"ancestorTitles":["Integration Tests - Complete Workflow","Error Handling and Edge Cases"],"duration":2,"failureDetails":[],"failureMessages":[],"fullName":"Integration Tests - Complete Workflow Error Handling and Edge Cases should handle property panel updates for objects without properties","invocations":1,"location":null,"numPassingAsserts":1,"retryReasons":[],"status":"passed","title":"should handle property panel updates for objects without properties"},{"ancestorTitles":["Integration Tests - Complete Workflow","Performance and Memory Management"],"duration":29,"failureDetails":[],"failureMessages":[],"fullName":"Integration Tests - Complete Workflow Performance and Memory Management should properly dispose of geometry and materials during undo operations","invocations":1,"location":null,"numPassingAsserts":2,"retryReasons":[],"status":"passed","title":"should properly dispose of geometry and materials during undo operations"},{"ancestorTitles":["Integration Tests - Complete Workflow","Performance and Memory Management"],"duration":37,"failureDetails":[],"failureMessages":[],"fullName":"Integration Tests - Complete Workflow Performance and Memory Management should limit history size to prevent memory leaks","invocations":1,"location":null,"numPassingAsserts":1,"retryReasons":[],"status":"passed","title":"should limit history size to prevent memory leaks"}],"endTime":1772251493591,"message":"","name":"/home/segin/nodist3d/tests/Integration.test.js","startTime":1772251493069,"status":"passed","summary":""},{"assertionResults":[{"ancestorTitles":["Undo/Redo History Functionality","History State Management"],"duration":15,"failureDetails":[],"failureMessages":[],"fullName":"Undo/Redo History Functionality History State Management should initialize with initial state","invocations":1,"location":null,"numPassingAsserts":3,"retryReasons":[],"status":"passed","title":"should initialize with initial state"},{"ancestorTitles":["Undo/Redo History Functionality","History State Management"],"duration":71,"failureDetails":[],"failureMessages":[],"fullName":"Undo/Redo History Functionality History State Management should save state with correct data structure","invocations":1,"location":null,"numPassingAsserts":7,"retryReasons":[],"status":"passed","title":"should save state with correct data structure"},{"ancestorTitles":["Undo/Redo History Functionality","History State Management"],"duration":3,"failureDetails":[],"failureMessages":[],"fullName":"Undo/Redo History Functionality History State Management should limit history size to maxHistorySize","invocations":1,"location":null,"numPassingAsserts":2,"retryReasons":[],"status":"passed","title":"should limit history size to maxHistorySize"},{"ancestorTitles":["Undo/Redo History Functionality","History State Management"],"duration":154,"failureDetails":[],"failureMessages":[],"fullName":"Undo/Redo History Functionality History State Management should remove future states when new action is performed","invocations":1,"location":null,"numPassingAsserts":4,"retryReasons":[],"status":"passed","title":"should remove future states when new action is performed"},{"ancestorTitles":["Undo/Redo History Functionality","History State Management"],"duration":18,"failureDetails":[],"failureMessages":[],"fullName":"Undo/Redo History F
[...]
title":"should handle objects without geometry parameters"},{"ancestorTitles":["Property Panel Functionality","clearPropertiesPanel"],"duration":3,"failureDetails":[],"failureMessages":[],"fullName":"Property Panel Functionality clearPropertiesPanel should remove all controllers and folders","invocations":1,"location":null,"numPassingAsserts":3,"retryReasons":[],"status":"passed","title":"should remove all controllers and folders"},{"ancestorTitles":["Property Panel Functionality","getGeometryParameters"],"duration":1,"failureDetails":[],"failureMessages":[],"fullName":"Property Panel Functionality getGeometryParameters should return default parameters for BoxGeometry","invocations":1,"location":null,"numPassingAsserts":1,"retryReasons":[],"status":"passed","title":"should return default parameters for BoxGeometry"},{"ancestorTitles":["Property Panel Functionality","getGeometryParameters"],"duration":5,"failureDetails":[],"failureMessages":[],"fullName":"Property Panel Functionality getGeometryParameters should return existing parameters when available","invocations":1,"location":null,"numPassingAsserts":1,"retryReasons":[],"status":"passed","title":"should return existing parameters when available"},{"ancestorTitles":["Property Panel Functionality","Property Panel Integration"],"duration":6,"failureDetails":[],"failureMessages":[],"fullName":"Property Panel Functionality Property Panel Integration should update properties when object is selected","invocations":1,"location":null,"numPassingAsserts":1,"retryReasons":[],"status":"passed","title":"should update properties when object is selected"},{"ancestorTitles":["Property Panel Functionality","Property Panel Integration"],"duration":2,"failureDetails":[],"failureMessages":[],"fullName":"Property Panel Functionality Property Panel Integration should clear properties when object is deselected","invocations":1,"location":null,"numPassingAsserts":1,"retryReasons":[],"status":"passed","title":"should clear properties when object is deselected"}],"endTime":1772251495152,"message":"","name":"/home/segin/nodist3d/tests/PropertyPanel.test.js","startTime":1772251494810,"status":"passed","summary":""},{"assertionResults":[{"ancestorTitles":["ToastManager"],"duration":18,"failureDetails":[],"failureMessages":[],"fullName":"ToastManager should create toast container on initialization","invocations":1,"location":null,"numPassingAsserts":3,"retryReasons":[],"status":"passed","title":"should create toast container on initialization"},{"ancestorTitles":["ToastManager"],"duration":45,"failureDetails":[],"failureMessages":[],"fullName":"ToastManager should show toast message","invocations":1,"location":null,"numPassingAsserts":3,"retryReasons":[],"status":"passed","title":"should show toast message"},{"ancestorTitles":["ToastManager"],"duration":30,"failureDetails":[],"failureMessages":[],"fullName":"ToastManager should set role=\"alert\" for error toasts","invocations":1,"location":null,"numPassingAsserts":2,"retryReasons":[],"status":"passed","title":"should set role=\"alert\" for error toasts"},{"ancestorTitles":["ToastManager"],"duration":77,"failureDetails":[],"failureMessages":[],"fullName":"ToastManager should remove toast after duration","invocations":1,"location":null,"numPassingAsserts":2,"retryReasons":[],"status":"passed","title":"should remove toast after duration"}],"endTime":1772251495272,"message":"","name":"/home/segin/nodist3d/tests/ToastManager.test.js","startTime":1772251494564,"status":"passed","summary":""},{"assertionResults":[{"ancestorTitles":["Benchmark updateSceneGraph"],"duration":28318,"failureDetails":[],"failureMessages":[],"fullName":"Benchmark updateSceneGraph updateSceneGraph performance","invocations":1,"location":null,"numPassingAsserts":0,"retryReasons":[],"status":"passed","title":"updateSceneGraph performance"}],"endTime":1772251495838,"message":"","name":"/home/segin/nodist3d/tests/benchmark_updateSceneGraph.test.js","startTime":1772251466710,"status":"passed","summary":""},{"assertionResults":[{"ancestorTitles":["LightManager"],"duration":7,"failureDetails":[],"failureMessages":[],"fullName":"LightManager should add a PointLight to the scene","invocations":1,"location":null,"numPassingAsserts":2,"retryReasons":[],"status":"passed","title":"should add a PointLight to the scene"},{"ancestorTitles":["LightManager"],"duration":3,"failureDetails":[],"failureMessages":[],"fullName":"LightManager should add a DirectionalLight to the scene","invocations":1,"location":null,"numPassingAsserts":2,"retryReasons":[],"status":"passed","title":"should add a DirectionalLight to the scene"},{"ancestorTitles":["LightManager"],"duration":2,"failureDetails":[],"failureMessages":[],"fullName":"LightManager should add an AmbientLight to the scene","invocations":1,"location":null,"numPassingAsserts":2,"retryReasons":[],"status":"passed","title":"should add an AmbientLight to the scene"},{"ancestorTitles":["LightManager"],"duration":2,"failureDetails":[],"failureMessages":[],"fullName":"LightManager should remove a specified light from the scene","invocations":1,"location":null,"numPassingAsserts":2,"retryReasons":[],"status":"passed","title":"should remove a specified light from the scene"},{"ancestorTitles":["LightManager"],"duration":1,"failureDetails":[],"failureMessages":[],"fullName":"LightManager should update a light's color property","invocations":1,"location":null,"numPassingAsserts":1,"retryReasons":[],"status":"passed","title":"should update a light's color property"},{"ancestorTitles":["LightManager"],"duration":1,"failureDetails":[],"failureMessages":[],"fullName":"LightManager should update a light's intensity property","invocations":1,"location":null,"numPassingAsserts":1,"retryReasons":[],"status":"passed","title":"should update a light's intensity property"},{"ancestorTitles":["LightManager"],"duration":10,"failureDetails":[],"failureMessages":[],"fullName":"LightManager should update a light's position property","invocations":1,"location":null,"numPassingAsserts":3,"retryReasons":[],"status":"passed","title":"should update a light's position property"},{"ancestorTitles":["LightManager"],"duration":141,"failureDetails":[],"failureMessages":[],"fullName":"LightManager should successfully change the type of an existing light","invocations":1,"location":null,"numPassingAsserts":8,"retryReasons":[],"status":"passed","title":"should successfully change the type of an existing light"},{"ancestorTitles":["LightManager"],"duration":3,"failureDetails":[],"failureMessages":[],"fullName":"LightManager should assign a default name to a new light if no name is provided","invocations":1,"location":null,"numPassingAsserts":1,"retryReasons":[],"status":"passed","title":"should assign a default name to a new light if no name is provided"},{"ancestorTitles":["LightManager"],"duration":2,"failureDetails":[],"failureMessages":[],"fullName":"LightManager should not throw an error when attempting to remove a light that is not in the scene","invocations":1,"location":null,"numPassingAsserts":1,"retryReasons":[],"status":"passed","title":"should not throw an error when attempting to remove a light that is not in the scene"},{"ancestorTitles":["LightManager"],"duration":4,"failureDetails":[],"failureMessages":[],"fullName":"LightManager should preserve light properties (color, intensity) when changing light type","invocations":1,"location":null,"numPassingAsserts":5,"retryReasons":[],"status":"passed","title":"should preserve light properties (color, intensity) when changing light type"},{"ancestorTitles":["LightManager"],"duration":2,"failureDetails":[],"failureMessages":[],"fullName":"LightManager should handle updating a light with an invalid or non-existent property","invocations":1,"location":null,"numPassingAsserts":1,"retryReasons":[],"status":"passed","title":"should handle updating a light with an invalid or non-existent property"},{"ancestorTitles":["LightManager"],"duration":3,"failureDetails":[],"failureMessages":[],"fullName":"LightManager should allow updating ambient light position without error, even if it has no effect","invocations":1,"location":null,"numPassingAsserts":3,"retryReasons":[],"status":"passed","title":"should allow updating ambient light position without error, even if it has no effect"}],"endTime":1772251495846,"message":"","name":"/home/segin/nodist3d/tests/LightManager.test.js","startTime":1772251495100,"status":"passed","summary":""},{"assertionResults":[{"ancestorTitles":["Scene Graph Accessibility"],"duration":57,"failureDetails":[],"failureMessages":[],"fullName":"Scene Graph Accessibility should add accessibility attributes to list items","invocations":1,"location":null,"numPassingAsserts":5,"retryReasons":[],"status":"passed","title":"should add accessibility attributes to list items"},{"ancestorTitles":["Scene Graph Accessibility"],"duration":40,"failureDetails":[],"failureMessages":[],"fullName":"Scene Graph Accessibility should add aria-labels to buttons","invocations":1,"location":null,"numPassingAsserts":3,"retryReasons":[],"status":"passed","title":"should add aria-labels to buttons"}],"endTime":1772251495989,"message":"","name":"/home/segin/nodist3d/tests/SceneGraphAccessibility.test.js","startTime":1772251495221,"status":"passed","summary":""},{"assertionResults":[{"ancestorTitles":[],"duration":16,"failureDetails":[],"failureMessages":[],"fullName":"FontLoader import","invocations":1,"location":null,"numPassingAsserts":0,"retryReasons":[],"status":"passed","title":"FontLoader import"}],"endTime":1772251496044,"message":"","name":"/home/segin/nodist3d/tests/mock_loader_verification_cjs_manual.test.js","startTime":1772251495255,"status":"passed","summary":""},{"assertionResults":[{"ancestorTitles":["Logger"],"duration":14,"failureDetails":[],"failureMessages":[],"fullName":"Logger should log simple object correctly","invocations":1,"location":null,"numPassingAsserts":3,"retryReasons":[],"status":"passed","title":"should log simple object correctly"},{"ancestorTitles":["Logger"],"duration":3,"failureDetails":[],"failureMessages":[],"fullName":"Logger should handle circular references without crashing","invocations":1,"location":null,"numPassingAsserts":4,"retryReasons":[],"status":"passed","title":"should handle circular references without crashing"}],"endTime":1772251496104,"message":"","name":"/home/segin/nodist3d/tests/logger.test.js","startTime":1772251495902,"status":"passed","summary":""},{"assertionResults":[{"ancestorTitles":["Scene Graph Diff Verification"],"duration":226,"failureDetails":[],"failureMessages":[],"fullName":"Scene Graph Diff Verification reuses DOM elements when updating properties","invocations":1,"location":null,"numPassingAsserts":3,"retryReasons":[],"status":"passed","title":"reuses DOM elements when updating properties"},{"ancestorTitles":["Scene Graph Diff Verification"],"duration":100,"failureDetails":[],"failureMessages":[],"fullName":"Scene Graph Diff Verification creates new element for new object","invocations":1,"location":null,"numPassingAsserts":3,"retryReasons":[],"status":"passed","title":"creates new element for new object"},{"ancestorTitles":["Scene Graph Diff Verification"],"duration":137,"failureDetails":[],"failureMessages":[],"fullName":"Scene Graph Diff Verification handles object removal and cleanup","invocations":1,"location":null,"numPassingAsserts":3,"retryReasons":[],"status":"passed","title":"handles object removal and cleanup"},{"ancestorTitles":["Scene Graph Diff Verification"],"duration":21,"failureDetails":[],"failureMessages":[],"fullName":"Scene Graph Diff Verification handles object replacement (same UUID, new instance)","invocations":1,"location":null,"numPassingAsserts":3,"retryReasons":[],"status":"passed","title":"handles object replacement (same UUID, new instance)"}],"endTime":1772251496256,"message":"","name":"/home/segin/nodist3d/tests/scene_graph_diff_verification.test.js","startTime":1772251495442,"status":"passed","summary":""},{"assertionResults":[{"ancestorTitles":["StateManager"],"duration":13,"failureDetails":[],"failureMessages":[],"fullName":"StateManager initial state is correct","invocations":1,"location":null,"numPassingAsserts":1,"retryReasons":[],"status":"passed","title":"initial state is correct"},{"ancestorTitles":["StateManager"],"duration":2,"failureDetails":[],"failureMessages":[],"fullName":"StateManager getState returns a frozen object","invocations":1,"location":null,"numPassingAsserts":2,"retryReasons":[],"status":"passed","title":"getState returns a frozen object"},{"ancestorTitles":["StateManager"],"duration":14,"failureDetails":[],"failureMessages":[],"fullName":"StateManager setState updates state correctly","invocations":1,"location":null,"numPassingAsserts":3,"retryReasons":[],"status":"passed","title":"setState updates state correctly"},{"ancestorTitles":["StateManager"],"duration":15,"failureDetails":[],"failureMessages":[],"fullName":"StateManager subscribe fires callback on change","invocations":1,"location":null,"numPassingAsserts":2,"retryReasons":[],"status":"passed","title":"subscribe fires callback on change"},{"ancestorTitles":["StateManager"],"duration":13,"failureDetails":[],"failureMessages":[],"fullName":"StateManager subscribe does not fire if value is unchanged","invocations":1,"location":null,"numPassingAsserts":1,"retryReasons":[],"status":"passed","title":"subscribe does not fire if value is unchanged"},{"ancestorTitles":["StateManager"],"duration":1,"failureDetails":[],"failureMessages":[],"fullName":"StateManager subscribe does not fire for irrelevant keys","invocations":1,"location":null,"numPassingAsserts":1,"retryReasons":[],"status":"passed","title":"subscribe does not fire for irrelevant keys"},{"ancestorTitles":["StateManager"],"duration":31,"failureDetails":[],"failureMessages":[],"fullName":"StateManager multiple updates fire multiple callbacks","invocations":1,"location":null,"numPassingAsserts":4,"retryReasons":[],"status":"passed","title":"multiple updates fire multiple callbacks"},{"ancestorTitles":["StateManager"],"duration":2,"failureDetails":[],"failureMessages":[],"fullName":"StateManager unsubscribe works","invocations":1,"location":null,"numPassingAsserts":2,"retryReasons":[],"status":"passed","title":"unsubscribe works"}],"endTime":1772251496283,"message":"","name":"/home/segin/nodist3d/src/tests/StateManager.test.js","startTime":1772251495914,"status":"passed","summary":""},{"assertionResults":[],"coverage":{},"endTime":1772251516150,"message":"  ● Test suite failed to run\n\n    TypeError: _three.Ray is not a constructor\n\n      1 | // @ts-check\n      2 | import * as THREE from 'three';\n    > 3 | import { OrbitControls } from 'three/examples/jsm/controls/OrbitControls.js';\n        | ^\n      4 | import { TransformControls } from 'three/examples/jsm/controls/TransformControls.js';\n      5 | import { GUI } from 'dat.gui';\n      6 | import { SceneStorage } from './SceneStorage.js';\n\n      at Object.<anonymous> (node_modules/.pnpm/three@0.164.1/node_modules/three/examples/jsm/controls/OrbitControls.js:24:14)\n      at Object.require (src/frontend/main.js:3:1)\n      at Object.require (tests/redundant_render_check.test.js:4:1)\n","name":"/home/segin/nodist3d/tests/redundant_render_check.test.js","startTime":1772251516150,"status":"failed","summary":""},{"assertionResults":[],"coverage":{},"endTime":1772251516150,"message":"  ● Test suite failed to run\n\n    TypeError: _three.Ray is not a constructor\n\n      1 | // @ts-check\n      2 | import * as THREE from 'three';\n    > 3 | import { OrbitControls } from 'three/examples/jsm/controls/OrbitControls.js';\n        | ^\n      4 | import { TransformControls } from 'three/examples/jsm/controls/TransformControls.js';\n      5 | import { GUI } from 'dat.gui';\n      6 | import { SceneStorage } from './SceneStorage.js';\n\n      at Object.<anonymous> (node_modules/.pnpm/three@0.164.1/node_modules/three/examples/jsm/controls/OrbitControls.js:24:14)\n      at Object.require (src/frontend/main.js:3:1)\n      at Object.require (tests/benchmark_primitives.test.js:1:1)\n","name":"/home/segin/nodist3d/tests/benchmark_primitives.test.js","startTime":1772251516150,"status":"failed","summary":""},{"assertionResults":[],"coverage":{},"endTime":1772251516150,"message":"  ● Test suite failed to run\n\n    TypeError: _three.Ray is not a constructor\n\n      1 | // @ts-check\n      2 | import * as THREE from 'three';\n    > 3 | import { OrbitControls } from 'three/examples/jsm/controls/OrbitControls.js';\n        | ^\n      4 | import { TransformControls } from 'three/examples/jsm/controls/TransformControls.js';\n      5 | import { GUI } from 'dat.gui';\n      6 | import { SceneStorage } from './SceneStorage.js';\n\n      at Object.<anonymous> (node_modules/.pnpm/three@0.164.1/node_modules/three/examples/jsm/controls/OrbitControls.js:24:14)\n      at Object.require (src/frontend/main.js:3:1)\n      at Object.require (tests/benchmark_restoreState.test.js:2:1)\n","name":"/home/segin/nodist3d/tests/benchmark_restoreState.test.js","startTime":1772251516150,"status":"failed","summary":""},{"assertionResults":[],"coverage":{},"endTime":1772251516150,"message":"  ● Test suite failed to run\n\n    TypeError: _three.Ray is not a constructor\n\n      1 | // @ts-check\n      2 | import * as THREE from 'three';\n    > 3 | import { OrbitControls } from 'three/examples/jsm/controls/OrbitControls.js';\n        | ^\n      4 | import { TransformControls } from 'three/examples/jsm/controls/TransformControls.js';\n      5 | import { GUI } from 'dat.gui';\n      6 | import { SceneStorage } from './SceneStorage.js';\n\n      at Object.<anonymous> (node_modules/.pnpm/three@0.164.1/node_modules/three/examples/jsm/controls/OrbitControls.js:24:14)\n      at Object.require (src/frontend/main.js:3:1)\n      at Object.require (tests/Accessibility.test.js:5:1)\n","name":"/home/segin/nodist3d/tests/Accessibility.test.js","startTime":1772251516150,"status":"failed","summary":""},{"assertionResults":[],"coverage":{},"endTime":1772251516150,"message":"  ● Test suite failed to run\n\n    TypeError: _three.Ray is not a constructor\n\n      1 | // @ts-check\n      2 | import * as THREE from 'three';\n    > 3 | import { OrbitControls } from 'three/examples/jsm/controls/OrbitControls.js';\n        | ^\n      4 | import { TransformControls } from 'three/examples/jsm/controls/TransformControls.js';\n      5 | import { GUI } from 'dat.gui';\n      6 | import { SceneStorage } from './SceneStorage.js';\n\n      at Object.<anonymous> (node_modules/.pnpm/three@0.164.1/node_modules/three/examples/jsm/controls/OrbitControls.js:24:14)\n      at Object.require (src/frontend/main.js:3:1)\n      at Object.require (tests/Primitives.test.js:4:1)\n","name":"/home/segin/nodist3d/tests/Primitives.test.js","startTime":1772251516150,"status":"failed","summary":""},{"assertionResults":[{"ancestorTitles":["ObjectManager Deletion Benchmark"],"duration":36205,"failureDetails":[],"failureMessages":[],"fullName":"ObjectManager Deletion Benchmark Benchmark: Deleting a group with many children","invocations":1,"location":null,"numPassingAsserts":2,"retryReasons":[],"status":"passed","title":"Benchmark: Deleting a group with many children"}],"endTime":1772251504790,"message":"","name":"/home/segin/nodist3d/benchmarks/object_deletion_bench.test.js","startTime":1772251467386,"status":"passed","summary":""},{"assertionResults":[{"ancestorTitles":["PhysicsManager Benchmark"],"duration":46486,"failureDetails":[],"failureMessages":[],"fullName":"PhysicsManager Benchmark benchmark removeBody performance","invocations":1,"location":null,"numPassingAsserts":0,"retryReasons":[],"status":"passed","title":"benchmark removeBody performance"}],"endTime":1772251515213,"message":"","name":"/home/segin/nodist3d/tests/benchmark_physics_removeBody.test.js","startTime":1772251467553,"status":"passed","summary":""}],"wasInterrupted":false}
